{"/src/app/config/config.js":{"path":"/src/app/config/config.js","s":{"1":1,"2":1},"b":{"1":[1,1],"2":[1,1],"3":[1,0]},"f":{},"fnMap":{},"statementMap":{"1":{"start":{"line":8,"column":0},"end":{"line":31,"column":2}},"2":{"start":{"line":33,"column":0},"end":{"line":33,"column":19}}},"branchMap":{"1":{"line":19,"type":"binary-expr","locations":[{"start":{"line":19,"column":14},"end":{"line":19,"column":51}},{"start":{"line":19,"column":55},"end":{"line":19,"column":78}}]},"2":{"line":20,"type":"binary-expr","locations":[{"start":{"line":20,"column":14},"end":{"line":20,"column":51}},{"start":{"line":20,"column":55},"end":{"line":20,"column":78}}]},"3":{"line":21,"type":"binary-expr","locations":[{"start":{"line":21,"column":15},"end":{"line":21,"column":39}},{"start":{"line":21,"column":43},"end":{"line":21,"column":54}}]}}},"/src/server.js":{"path":"/src/server.js","s":{"1":1,"2":1,"3":1,"4":1,"5":1,"6":1,"7":1,"8":1,"9":1,"10":1,"11":1,"12":1,"13":1,"14":1,"15":1,"16":1,"17":1,"18":1,"19":1,"20":1,"21":1,"22":1,"23":9,"24":9,"25":1,"26":1,"27":1,"28":1,"29":0,"30":0,"31":0,"32":0,"33":1,"34":1,"35":1,"36":1,"37":1,"38":1,"39":1,"40":1},"b":{"1":[1,0],"2":[1,0]},"f":{"1":9,"2":0,"3":1},"fnMap":{"1":{"name":"(anonymous_1)","line":44,"loc":{"start":{"line":44,"column":11},"end":{"line":44,"column":36}}},"2":{"name":"(anonymous_2)","line":66,"loc":{"start":{"line":66,"column":32},"end":{"line":66,"column":45}},"skip":true},"3":{"name":"(anonymous_3)","line":76,"loc":{"start":{"line":76,"column":42},"end":{"line":76,"column":53}}}},"statementMap":{"1":{"start":{"line":3,"column":0},"end":{"line":3,"column":45}},"2":{"start":{"line":4,"column":0},"end":{"line":4,"column":41}},"3":{"start":{"line":5,"column":0},"end":{"line":5,"column":55}},"4":{"start":{"line":6,"column":0},"end":{"line":6,"column":52}},"5":{"start":{"line":7,"column":0},"end":{"line":7,"column":53}},"6":{"start":{"line":8,"column":0},"end":{"line":8,"column":53}},"7":{"start":{"line":9,"column":0},"end":{"line":9,"column":59}},"8":{"start":{"line":11,"column":0},"end":{"line":11,"column":48}},"9":{"start":{"line":13,"column":0},"end":{"line":13,"column":31}},"10":{"start":{"line":14,"column":0},"end":{"line":14,"column":41}},"11":{"start":{"line":16,"column":0},"end":{"line":16,"column":25}},"12":{"start":{"line":19,"column":0},"end":{"line":25,"column":3}},"13":{"start":{"line":28,"column":0},"end":{"line":30,"column":1}},"14":{"start":{"line":29,"column":4},"end":{"line":29,"column":31}},"15":{"start":{"line":32,"column":0},"end":{"line":32,"column":52}},"16":{"start":{"line":33,"column":0},"end":{"line":33,"column":34}},"17":{"start":{"line":34,"column":0},"end":{"line":34,"column":33}},"18":{"start":{"line":36,"column":0},"end":{"line":36,"column":42}},"19":{"start":{"line":39,"column":0},"end":{"line":39,"column":47}},"20":{"start":{"line":40,"column":0},"end":{"line":40,"column":49}},"21":{"start":{"line":41,"column":0},"end":{"line":41,"column":72}},"22":{"start":{"line":44,"column":0},"end":{"line":47,"column":3}},"23":{"start":{"line":45,"column":4},"end":{"line":45,"column":32}},"24":{"start":{"line":46,"column":4},"end":{"line":46,"column":11}},"25":{"start":{"line":50,"column":0},"end":{"line":50,"column":38}},"26":{"start":{"line":61,"column":0},"end":{"line":61,"column":59}},"27":{"start":{"line":62,"column":0},"end":{"line":62,"column":66}},"28":{"start":{"line":66,"column":0},"end":{"line":71,"column":3},"skip":true},"29":{"start":{"line":67,"column":4},"end":{"line":67,"column":57},"skip":true},"30":{"start":{"line":68,"column":4},"end":{"line":68,"column":27},"skip":true},"31":{"start":{"line":69,"column":4},"end":{"line":69,"column":21},"skip":true},"32":{"start":{"line":70,"column":4},"end":{"line":70,"column":20},"skip":true},"33":{"start":{"line":73,"column":0},"end":{"line":73,"column":26}},"34":{"start":{"line":74,"column":0},"end":{"line":74,"column":46}},"35":{"start":{"line":76,"column":0},"end":{"line":83,"column":3}},"36":{"start":{"line":77,"column":4},"end":{"line":77,"column":45}},"37":{"start":{"line":78,"column":4},"end":{"line":78,"column":63}},"38":{"start":{"line":80,"column":4},"end":{"line":82,"column":5}},"39":{"start":{"line":81,"column":8},"end":{"line":81,"column":63}},"40":{"start":{"line":85,"column":0},"end":{"line":85,"column":24}}},"branchMap":{"1":{"line":28,"type":"if","locations":[{"start":{"line":28,"column":0},"end":{"line":28,"column":0}},{"start":{"line":28,"column":0},"end":{"line":28,"column":0}}]},"2":{"line":80,"type":"if","locations":[{"start":{"line":80,"column":4},"end":{"line":80,"column":4}},{"start":{"line":80,"column":4},"end":{"line":80,"column":4}}]}}},"/src/app/utils.js":{"path":"/src/app/utils.js","s":{"1":1,"2":1,"3":11,"4":10,"5":10,"6":10,"7":10,"8":10,"9":10,"10":10,"11":1,"12":1,"13":11},"b":{"1":[10,1],"2":[11,11],"3":[0,10],"4":[10,0],"5":[10,0],"6":[1,9],"7":[10,10]},"f":{"1":11},"fnMap":{"1":{"name":"(anonymous_1)","line":9,"loc":{"start":{"line":9,"column":21},"end":{"line":9,"column":37}}}},"statementMap":{"1":{"start":{"line":3,"column":0},"end":{"line":3,"column":23}},"2":{"start":{"line":9,"column":0},"end":{"line":33,"column":2}},"3":{"start":{"line":10,"column":4},"end":{"line":30,"column":5}},"4":{"start":{"line":11,"column":8},"end":{"line":11,"column":78}},"5":{"start":{"line":14,"column":8},"end":{"line":14,"column":42}},"6":{"start":{"line":15,"column":8},"end":{"line":15,"column":43}},"7":{"start":{"line":18,"column":8},"end":{"line":20,"column":9}},"8":{"start":{"line":19,"column":12},"end":{"line":19,"column":35}},"9":{"start":{"line":23,"column":8},"end":{"line":23,"column":40}},"10":{"start":{"line":24,"column":8},"end":{"line":26,"column":9}},"11":{"start":{"line":25,"column":12},"end":{"line":25,"column":39}},"12":{"start":{"line":29,"column":8},"end":{"line":29,"column":27}},"13":{"start":{"line":32,"column":4},"end":{"line":32,"column":17}}},"branchMap":{"1":{"line":10,"type":"if","locations":[{"start":{"line":10,"column":4},"end":{"line":10,"column":4}},{"start":{"line":10,"column":4},"end":{"line":10,"column":4}}]},"2":{"line":10,"type":"binary-expr","locations":[{"start":{"line":10,"column":8},"end":{"line":10,"column":13}},{"start":{"line":10,"column":17},"end":{"line":10,"column":27}}]},"3":{"line":11,"type":"cond-expr","locations":[{"start":{"line":11,"column":51},"end":{"line":11,"column":64}},{"start":{"line":11,"column":67},"end":{"line":11,"column":77}}]},"4":{"line":18,"type":"if","locations":[{"start":{"line":18,"column":8},"end":{"line":18,"column":8}},{"start":{"line":18,"column":8},"end":{"line":18,"column":8}}]},"5":{"line":18,"type":"binary-expr","locations":[{"start":{"line":18,"column":12},"end":{"line":18,"column":28}},{"start":{"line":18,"column":32},"end":{"line":18,"column":48}}]},"6":{"line":24,"type":"if","locations":[{"start":{"line":24,"column":8},"end":{"line":24,"column":8}},{"start":{"line":24,"column":8},"end":{"line":24,"column":8}}]},"7":{"line":24,"type":"binary-expr","locations":[{"start":{"line":24,"column":12},"end":{"line":24,"column":35}},{"start":{"line":24,"column":39},"end":{"line":24,"column":62}}]}}},"/src/app/routes/handlers.js":{"path":"/src/app/routes/handlers.js","s":{"1":1,"2":1,"3":1,"4":1,"5":1,"6":1,"7":1,"8":0,"9":0,"10":1,"11":1,"12":1,"13":1,"14":0,"15":0,"16":1,"17":1,"18":1},"b":{},"f":{"1":1,"2":1,"3":0,"4":1,"5":0,"6":1},"fnMap":{"1":{"name":"setup","line":6,"loc":{"start":{"line":6,"column":26},"end":{"line":6,"column":49}}},"2":{"name":"(anonymous_2)","line":8,"loc":{"start":{"line":8,"column":26},"end":{"line":8,"column":45}}},"3":{"name":"(anonymous_3)","line":13,"loc":{"start":{"line":13,"column":35},"end":{"line":13,"column":54}}},"4":{"name":"(anonymous_4)","line":18,"loc":{"start":{"line":18,"column":32},"end":{"line":18,"column":51}}},"5":{"name":"(anonymous_5)","line":24,"loc":{"start":{"line":24,"column":35},"end":{"line":24,"column":66}},"skip":true},"6":{"name":"(anonymous_6)","line":29,"loc":{"start":{"line":29,"column":34},"end":{"line":29,"column":53}}}},"statementMap":{"1":{"start":{"line":3,"column":0},"end":{"line":3,"column":43}},"2":{"start":{"line":4,"column":0},"end":{"line":4,"column":45}},"3":{"start":{"line":6,"column":0},"end":{"line":33,"column":2}},"4":{"start":{"line":8,"column":4},"end":{"line":11,"column":7}},"5":{"start":{"line":9,"column":8},"end":{"line":9,"column":54}},"6":{"start":{"line":10,"column":8},"end":{"line":10,"column":78}},"7":{"start":{"line":13,"column":4},"end":{"line":16,"column":7}},"8":{"start":{"line":14,"column":8},"end":{"line":14,"column":64}},"9":{"start":{"line":15,"column":8},"end":{"line":15,"column":80}},"10":{"start":{"line":18,"column":4},"end":{"line":21,"column":7}},"11":{"start":{"line":19,"column":8},"end":{"line":19,"column":60}},"12":{"start":{"line":20,"column":8},"end":{"line":20,"column":80}},"13":{"start":{"line":24,"column":4},"end":{"line":27,"column":7},"skip":true},"14":{"start":{"line":25,"column":8},"end":{"line":25,"column":63},"skip":true},"15":{"start":{"line":26,"column":8},"end":{"line":26,"column":103},"skip":true},"16":{"start":{"line":29,"column":4},"end":{"line":32,"column":7}},"17":{"start":{"line":30,"column":8},"end":{"line":30,"column":63}},"18":{"start":{"line":31,"column":8},"end":{"line":31,"column":81}}},"branchMap":{}},"/src/app/errors.js":{"path":"/src/app/errors.js","s":{"1":1,"2":1,"3":1},"b":{},"f":{},"fnMap":{},"statementMap":{"1":{"start":{"line":3,"column":0},"end":{"line":3,"column":52}},"2":{"start":{"line":4,"column":0},"end":{"line":4,"column":46}},"3":{"start":{"line":6,"column":0},"end":{"line":54,"column":2}}},"branchMap":{}},"/src/app/constants.js":{"path":"/src/app/constants.js","s":{"1":1,"2":1},"b":{},"f":{},"fnMap":{},"statementMap":{"1":{"start":{"line":3,"column":0},"end":{"line":25,"column":2}},"2":{"start":{"line":27,"column":0},"end":{"line":27,"column":27}}},"branchMap":{}},"/src/app/routes/routes.js":{"path":"/src/app/routes/routes.js","s":{"1":1,"2":1,"3":1,"4":1,"5":1,"6":1,"7":1,"8":1,"9":1,"10":1,"11":1,"12":1,"13":2,"14":1,"15":2,"16":1,"17":2,"18":1,"19":1,"20":0,"21":0,"22":0},"b":{"1":[1,0]},"f":{"1":1},"fnMap":{"1":{"name":"(anonymous_1)","line":3,"loc":{"start":{"line":3,"column":26},"end":{"line":3,"column":65}}}},"statementMap":{"1":{"start":{"line":3,"column":0},"end":{"line":77,"column":2}},"2":{"start":{"line":5,"column":4},"end":{"line":5,"column":51}},"3":{"start":{"line":6,"column":4},"end":{"line":6,"column":56}},"4":{"start":{"line":8,"column":4},"end":{"line":8,"column":62}},"5":{"start":{"line":9,"column":4},"end":{"line":9,"column":64}},"6":{"start":{"line":10,"column":4},"end":{"line":10,"column":72}},"7":{"start":{"line":14,"column":4},"end":{"line":19,"column":65}},"8":{"start":{"line":19,"column":27},"end":{"line":19,"column":63}},"9":{"start":{"line":21,"column":4},"end":{"line":26,"column":66}},"10":{"start":{"line":26,"column":27},"end":{"line":26,"column":64}},"11":{"start":{"line":29,"column":4},"end":{"line":29,"column":33}},"12":{"start":{"line":33,"column":4},"end":{"line":39,"column":79}},"13":{"start":{"line":39,"column":28},"end":{"line":39,"column":77}},"14":{"start":{"line":43,"column":4},"end":{"line":49,"column":75}},"15":{"start":{"line":49,"column":28},"end":{"line":49,"column":73}},"16":{"start":{"line":53,"column":4},"end":{"line":60,"column":11}},"17":{"start":{"line":59,"column":12},"end":{"line":59,"column":40}},"18":{"start":{"line":64,"column":4},"end":{"line":76,"column":5}},"19":{"start":{"line":66,"column":8},"end":{"line":75,"column":11}},"20":{"start":{"line":72,"column":12},"end":{"line":72,"column":43}},"21":{"start":{"line":73,"column":12},"end":{"line":73,"column":27}},"22":{"start":{"line":74,"column":12},"end":{"line":74,"column":19}}},"branchMap":{"1":{"line":64,"type":"if","locations":[{"start":{"line":64,"column":4},"end":{"line":64,"column":4}},{"start":{"line":64,"column":4},"end":{"line":64,"column":4}}]}}},"/src/app/lib/jsend_formatter.js":{"path":"/src/app/lib/jsend_formatter.js","s":{"1":1,"2":13,"3":13,"4":1,"5":13,"6":8,"7":8,"8":8,"9":8,"10":5,"11":13,"12":13,"13":13,"14":1},"b":{"1":[13,1],"2":[8,5],"3":[5,3],"4":[8,5],"5":[8,0]},"f":{"1":13,"2":1},"fnMap":{"1":{"name":"formatJSend","line":12,"loc":{"start":{"line":12,"column":0},"end":{"line":12,"column":41}}},"2":{"name":"(anonymous_2)","line":15,"loc":{"start":{"line":15,"column":15},"end":{"line":15,"column":39}}}},"statementMap":{"1":{"start":{"line":12,"column":0},"end":{"line":42,"column":1}},"2":{"start":{"line":13,"column":4},"end":{"line":13,"column":20}},"3":{"start":{"line":15,"column":4},"end":{"line":17,"column":6}},"4":{"start":{"line":16,"column":8},"end":{"line":16,"column":22}},"5":{"start":{"line":19,"column":4},"end":{"line":36,"column":5}},"6":{"start":{"line":22,"column":8},"end":{"line":22,"column":33}},"7":{"start":{"line":23,"column":8},"end":{"line":23,"column":107}},"8":{"start":{"line":26,"column":8},"end":{"line":28,"column":9}},"9":{"start":{"line":27,"column":12},"end":{"line":27,"column":36}},"10":{"start":{"line":32,"column":8},"end":{"line":35,"column":10}},"11":{"start":{"line":38,"column":4},"end":{"line":38,"column":38}},"12":{"start":{"line":39,"column":4},"end":{"line":39,"column":58}},"13":{"start":{"line":41,"column":4},"end":{"line":41,"column":26}},"14":{"start":{"line":44,"column":0},"end":{"line":44,"column":29}}},"branchMap":{"1":{"line":15,"type":"binary-expr","locations":[{"start":{"line":15,"column":9},"end":{"line":15,"column":11}},{"start":{"line":15,"column":15},"end":{"line":17,"column":5}}]},"2":{"line":19,"type":"if","locations":[{"start":{"line":19,"column":4},"end":{"line":19,"column":4}},{"start":{"line":19,"column":4},"end":{"line":19,"column":4}}]},"3":{"line":23,"type":"cond-expr","locations":[{"start":{"line":23,"column":72},"end":{"line":23,"column":91}},{"start":{"line":23,"column":94},"end":{"line":23,"column":106}}]},"4":{"line":23,"type":"binary-expr","locations":[{"start":{"line":23,"column":26},"end":{"line":23,"column":45}},{"start":{"line":23,"column":49},"end":{"line":23,"column":68}}]},"5":{"line":26,"type":"if","locations":[{"start":{"line":26,"column":8},"end":{"line":26,"column":8}},{"start":{"line":26,"column":8},"end":{"line":26,"column":8}}]}}},"/src/app/config/di.js":{"path":"/src/app/config/di.js","s":{"1":1,"2":1,"3":1,"4":1,"5":1,"6":1,"7":1,"8":1,"9":1,"10":1,"11":1,"12":1,"13":1,"14":1,"15":1,"16":1,"17":1,"18":1,"19":1,"20":1,"21":1,"22":1,"23":1,"24":1,"25":1,"26":1,"27":1,"28":1,"29":1,"30":1,"31":1,"32":1,"33":1,"34":1,"35":1,"36":1,"37":1,"38":1,"39":1,"40":1,"41":1,"42":1,"43":1,"44":1,"45":1,"46":1,"47":1,"48":1,"49":1,"50":1,"51":1,"52":1,"53":1},"b":{},"f":{},"fnMap":{},"statementMap":{"1":{"start":{"line":3,"column":0},"end":{"line":3,"column":58}},"2":{"start":{"line":5,"column":0},"end":{"line":5,"column":45}},"3":{"start":{"line":6,"column":0},"end":{"line":6,"column":32}},"4":{"start":{"line":8,"column":0},"end":{"line":8,"column":66}},"5":{"start":{"line":9,"column":0},"end":{"line":9,"column":48}},"6":{"start":{"line":11,"column":0},"end":{"line":11,"column":73}},"7":{"start":{"line":12,"column":0},"end":{"line":12,"column":65}},"8":{"start":{"line":13,"column":0},"end":{"line":13,"column":73}},"9":{"start":{"line":15,"column":0},"end":{"line":17,"column":3}},"10":{"start":{"line":16,"column":4},"end":{"line":16,"column":31}},"11":{"start":{"line":21,"column":0},"end":{"line":24,"column":3}},"12":{"start":{"line":22,"column":4},"end":{"line":22,"column":46}},"13":{"start":{"line":23,"column":4},"end":{"line":23,"column":52}},"14":{"start":{"line":26,"column":0},"end":{"line":30,"column":3}},"15":{"start":{"line":27,"column":4},"end":{"line":27,"column":46}},"16":{"start":{"line":28,"column":4},"end":{"line":28,"column":46}},"17":{"start":{"line":29,"column":4},"end":{"line":29,"column":67}},"18":{"start":{"line":32,"column":0},"end":{"line":36,"column":3}},"19":{"start":{"line":33,"column":4},"end":{"line":33,"column":46}},"20":{"start":{"line":34,"column":4},"end":{"line":34,"column":47}},"21":{"start":{"line":35,"column":4},"end":{"line":35,"column":42}},"22":{"start":{"line":38,"column":0},"end":{"line":45,"column":3}},"23":{"start":{"line":40,"column":4},"end":{"line":40,"column":46}},"24":{"start":{"line":41,"column":4},"end":{"line":41,"column":46}},"25":{"start":{"line":42,"column":4},"end":{"line":42,"column":48}},"26":{"start":{"line":44,"column":4},"end":{"line":44,"column":69}},"27":{"start":{"line":49,"column":0},"end":{"line":58,"column":3}},"28":{"start":{"line":51,"column":4},"end":{"line":51,"column":46}},"29":{"start":{"line":52,"column":4},"end":{"line":52,"column":47}},"30":{"start":{"line":53,"column":4},"end":{"line":53,"column":48}},"31":{"start":{"line":54,"column":4},"end":{"line":54,"column":40}},"32":{"start":{"line":55,"column":4},"end":{"line":55,"column":52}},"33":{"start":{"line":57,"column":4},"end":{"line":57,"column":79}},"34":{"start":{"line":60,"column":0},"end":{"line":67,"column":3}},"35":{"start":{"line":62,"column":4},"end":{"line":62,"column":46}},"36":{"start":{"line":63,"column":4},"end":{"line":63,"column":47}},"37":{"start":{"line":64,"column":4},"end":{"line":64,"column":48}},"38":{"start":{"line":66,"column":4},"end":{"line":66,"column":54}},"39":{"start":{"line":71,"column":0},"end":{"line":78,"column":3}},"40":{"start":{"line":73,"column":4},"end":{"line":73,"column":66}},"41":{"start":{"line":74,"column":4},"end":{"line":74,"column":47}},"42":{"start":{"line":75,"column":4},"end":{"line":75,"column":48}},"43":{"start":{"line":77,"column":4},"end":{"line":77,"column":70}},"44":{"start":{"line":80,"column":0},"end":{"line":87,"column":3}},"45":{"start":{"line":82,"column":4},"end":{"line":82,"column":58}},"46":{"start":{"line":83,"column":4},"end":{"line":83,"column":47}},"47":{"start":{"line":84,"column":4},"end":{"line":84,"column":48}},"48":{"start":{"line":86,"column":4},"end":{"line":86,"column":63}},"49":{"start":{"line":89,"column":0},"end":{"line":95,"column":3}},"50":{"start":{"line":91,"column":4},"end":{"line":91,"column":47}},"51":{"start":{"line":92,"column":4},"end":{"line":92,"column":48}},"52":{"start":{"line":94,"column":4},"end":{"line":94,"column":53}},"53":{"start":{"line":97,"column":0},"end":{"line":97,"column":32}}},"branchMap":{}},"/src/app/lib/service_locator.js":{"path":"/src/app/lib/service_locator.js","s":{"1":1,"2":1,"3":1,"4":1,"5":15,"6":1,"7":14,"8":0,"9":14,"10":1,"11":35,"12":0,"13":35,"14":0,"15":35,"16":14,"17":14,"18":14,"19":14,"20":35,"21":1,"22":3,"23":3,"24":3,"25":3,"26":1,"27":7,"28":7,"29":1},"b":{"1":[1,14],"2":[0,14],"3":[0,35],"4":[0,35],"5":[14,21],"6":[14,0]},"f":{"1":1,"2":15,"3":35,"4":3,"5":7},"fnMap":{"1":{"name":"ServiceLocator","line":9,"loc":{"start":{"line":9,"column":0},"end":{"line":9,"column":26}}},"2":{"name":"(anonymous_2)","line":22,"loc":{"start":{"line":22,"column":36},"end":{"line":22,"column":74}}},"3":{"name":"(anonymous_3)","line":41,"loc":{"start":{"line":41,"column":31},"end":{"line":41,"column":56}}},"4":{"name":"(anonymous_4)","line":68,"loc":{"start":{"line":68,"column":34},"end":{"line":68,"column":45}}},"5":{"name":"(anonymous_5)","line":82,"loc":{"start":{"line":82,"column":33},"end":{"line":82,"column":44}}}},"statementMap":{"1":{"start":{"line":9,"column":0},"end":{"line":12,"column":1}},"2":{"start":{"line":10,"column":4},"end":{"line":10,"column":28}},"3":{"start":{"line":11,"column":4},"end":{"line":11,"column":30}},"4":{"start":{"line":22,"column":0},"end":{"line":32,"column":2}},"5":{"start":{"line":23,"column":4},"end":{"line":25,"column":5}},"6":{"start":{"line":24,"column":8},"end":{"line":24,"column":87}},"7":{"start":{"line":27,"column":4},"end":{"line":29,"column":5}},"8":{"start":{"line":28,"column":8},"end":{"line":28,"column":61}},"9":{"start":{"line":31,"column":4},"end":{"line":31,"column":53}},"10":{"start":{"line":41,"column":0},"end":{"line":59,"column":2}},"11":{"start":{"line":42,"column":4},"end":{"line":44,"column":5}},"12":{"start":{"line":43,"column":8},"end":{"line":43,"column":86}},"13":{"start":{"line":46,"column":4},"end":{"line":48,"column":5}},"14":{"start":{"line":47,"column":8},"end":{"line":47,"column":87}},"15":{"start":{"line":50,"column":4},"end":{"line":56,"column":5}},"16":{"start":{"line":51,"column":8},"end":{"line":51,"column":71}},"17":{"start":{"line":52,"column":8},"end":{"line":52,"column":53}},"18":{"start":{"line":53,"column":8},"end":{"line":55,"column":9}},"19":{"start":{"line":54,"column":12},"end":{"line":54,"column":62}},"20":{"start":{"line":58,"column":4},"end":{"line":58,"column":48}},"21":{"start":{"line":68,"column":0},"end":{"line":75,"column":2}},"22":{"start":{"line":69,"column":4},"end":{"line":69,"column":55}},"23":{"start":{"line":70,"column":4},"end":{"line":72,"column":5}},"24":{"start":{"line":71,"column":8},"end":{"line":71,"column":36}},"25":{"start":{"line":74,"column":4},"end":{"line":74,"column":32}},"26":{"start":{"line":82,"column":0},"end":{"line":85,"column":2}},"27":{"start":{"line":83,"column":4},"end":{"line":83,"column":30}},"28":{"start":{"line":84,"column":4},"end":{"line":84,"column":28}},"29":{"start":{"line":87,"column":0},"end":{"line":87,"column":38}}},"branchMap":{"1":{"line":23,"type":"if","locations":[{"start":{"line":23,"column":4},"end":{"line":23,"column":4}},{"start":{"line":23,"column":4},"end":{"line":23,"column":4}}]},"2":{"line":27,"type":"if","locations":[{"start":{"line":27,"column":4},"end":{"line":27,"column":4}},{"start":{"line":27,"column":4},"end":{"line":27,"column":4}}]},"3":{"line":42,"type":"if","locations":[{"start":{"line":42,"column":4},"end":{"line":42,"column":4}},{"start":{"line":42,"column":4},"end":{"line":42,"column":4}}]},"4":{"line":46,"type":"if","locations":[{"start":{"line":46,"column":4},"end":{"line":46,"column":4}},{"start":{"line":46,"column":4},"end":{"line":46,"column":4}}]},"5":{"line":50,"type":"if","locations":[{"start":{"line":50,"column":4},"end":{"line":50,"column":4}},{"start":{"line":50,"column":4},"end":{"line":50,"column":4}}]},"6":{"line":53,"type":"if","locations":[{"start":{"line":53,"column":8},"end":{"line":53,"column":8}},{"start":{"line":53,"column":8},"end":{"line":53,"column":8}}]}}},"/src/app/lib/data_store.js":{"path":"/src/app/lib/data_store.js","s":{"1":1,"2":1,"3":5,"4":5,"5":5,"6":12,"7":0,"8":12,"9":1,"10":1,"11":0,"12":1,"13":1,"14":1,"15":1,"16":8,"17":0,"18":9,"19":0,"20":0,"21":0,"22":0,"23":0,"24":0,"25":12,"26":1,"27":1},"b":{"1":[0,12],"2":[0,1],"3":[1,0],"4":[0,0],"5":[12,12]},"f":{"1":5,"2":12,"3":1,"4":8,"5":0,"6":9,"7":0,"8":12},"fnMap":{"1":{"name":"(anonymous_1)","line":16,"loc":{"start":{"line":16,"column":15},"end":{"line":16,"column":32}}},"2":{"name":"(anonymous_2)","line":28,"loc":{"start":{"line":28,"column":8},"end":{"line":28,"column":29}}},"3":{"name":"(anonymous_3)","line":43,"loc":{"start":{"line":43,"column":10},"end":{"line":43,"column":31}}},"4":{"name":"(anonymous_4)","line":66,"loc":{"start":{"line":66,"column":7},"end":{"line":66,"column":21}}},"5":{"name":"(anonymous_5)","line":75,"loc":{"start":{"line":75,"column":10},"end":{"line":75,"column":24}}},"6":{"name":"(anonymous_6)","line":82,"loc":{"start":{"line":82,"column":9},"end":{"line":82,"column":12}}},"7":{"name":"(anonymous_7)","line":90,"loc":{"start":{"line":90,"column":12},"end":{"line":90,"column":21}}},"8":{"name":"(anonymous_8)","line":108,"loc":{"start":{"line":108,"column":14},"end":{"line":108,"column":28}}}},"statementMap":{"1":{"start":{"line":2,"column":0},"end":{"line":2,"column":36}},"2":{"start":{"line":8,"column":0},"end":{"line":8,"column":22}},"3":{"start":{"line":17,"column":8},"end":{"line":17,"column":29}},"4":{"start":{"line":18,"column":8},"end":{"line":18,"column":29}},"5":{"start":{"line":19,"column":8},"end":{"line":19,"column":39}},"6":{"start":{"line":30,"column":8},"end":{"line":32,"column":9}},"7":{"start":{"line":31,"column":12},"end":{"line":31,"column":93}},"8":{"start":{"line":34,"column":8},"end":{"line":34,"column":64}},"9":{"start":{"line":45,"column":8},"end":{"line":45,"column":50}},"10":{"start":{"line":47,"column":8},"end":{"line":58,"column":9}},"11":{"start":{"line":49,"column":12},"end":{"line":49,"column":49}},"12":{"start":{"line":50,"column":15},"end":{"line":58,"column":9}},"13":{"start":{"line":53,"column":12},"end":{"line":55,"column":13}},"14":{"start":{"line":54,"column":16},"end":{"line":54,"column":44}},"15":{"start":{"line":57,"column":12},"end":{"line":57,"column":57}},"16":{"start":{"line":67,"column":8},"end":{"line":67,"column":57}},"17":{"start":{"line":76,"column":8},"end":{"line":76,"column":57}},"18":{"start":{"line":83,"column":8},"end":{"line":83,"column":27}},"19":{"start":{"line":92,"column":8},"end":{"line":92,"column":40}},"20":{"start":{"line":93,"column":8},"end":{"line":93,"column":28}},"21":{"start":{"line":95,"column":8},"end":{"line":100,"column":9}},"22":{"start":{"line":97,"column":12},"end":{"line":99,"column":13}},"23":{"start":{"line":98,"column":16},"end":{"line":98,"column":44}},"24":{"start":{"line":102,"column":8},"end":{"line":102,"column":26}},"25":{"start":{"line":109,"column":8},"end":{"line":109,"column":78}},"26":{"start":{"line":114,"column":0},"end":{"line":114,"column":44}},"27":{"start":{"line":115,"column":0},"end":{"line":115,"column":27}}},"branchMap":{"1":{"line":30,"type":"if","locations":[{"start":{"line":30,"column":8},"end":{"line":30,"column":8}},{"start":{"line":30,"column":8},"end":{"line":30,"column":8}}]},"2":{"line":47,"type":"if","locations":[{"start":{"line":47,"column":8},"end":{"line":47,"column":8}},{"start":{"line":47,"column":8},"end":{"line":47,"column":8}}]},"3":{"line":50,"type":"if","locations":[{"start":{"line":50,"column":15},"end":{"line":50,"column":15}},{"start":{"line":50,"column":15},"end":{"line":50,"column":15}}]},"4":{"line":97,"type":"if","locations":[{"start":{"line":97,"column":12},"end":{"line":97,"column":12}},{"start":{"line":97,"column":12},"end":{"line":97,"column":12}}]},"5":{"line":109,"type":"binary-expr","locations":[{"start":{"line":109,"column":16},"end":{"line":109,"column":39}},{"start":{"line":109,"column":45},"end":{"line":109,"column":76}}]}}},"/src/app/lib/jwt.js":{"path":"/src/app/lib/jwt.js","s":{"1":1,"2":1,"3":2,"4":2,"5":2,"6":2,"7":3,"8":3,"9":3,"10":3,"11":1,"12":3,"13":3,"14":3,"15":3,"16":1,"17":2,"18":2,"19":0,"20":12,"21":12,"22":12,"23":1,"24":11,"25":11,"26":9,"27":1,"28":8,"29":2,"30":1},"b":{"1":[1,2],"2":[1,2],"3":[1,11],"4":[1,8]},"f":{"1":2,"2":3,"3":12},"fnMap":{"1":{"name":"(anonymous_1)","line":8,"loc":{"start":{"line":8,"column":15},"end":{"line":8,"column":55}}},"2":{"name":"(anonymous_2)","line":25,"loc":{"start":{"line":25,"column":15},"end":{"line":25,"column":45}}},"3":{"name":"(anonymous_3)","line":65,"loc":{"start":{"line":65,"column":15},"end":{"line":65,"column":28}}}},"statementMap":{"1":{"start":{"line":3,"column":0},"end":{"line":3,"column":31}},"2":{"start":{"line":4,"column":0},"end":{"line":4,"column":37}},"3":{"start":{"line":10,"column":8},"end":{"line":10,"column":29}},"4":{"start":{"line":11,"column":8},"end":{"line":11,"column":29}},"5":{"start":{"line":12,"column":8},"end":{"line":12,"column":31}},"6":{"start":{"line":13,"column":8},"end":{"line":13,"column":41}},"7":{"start":{"line":27,"column":8},"end":{"line":27,"column":27}},"8":{"start":{"line":29,"column":8},"end":{"line":29,"column":28}},"9":{"start":{"line":30,"column":8},"end":{"line":30,"column":28}},"10":{"start":{"line":32,"column":8},"end":{"line":34,"column":9}},"11":{"start":{"line":33,"column":12},"end":{"line":33,"column":44}},"12":{"start":{"line":36,"column":8},"end":{"line":36,"column":34}},"13":{"start":{"line":38,"column":8},"end":{"line":41,"column":10}},"14":{"start":{"line":43,"column":8},"end":{"line":43,"column":63}},"15":{"start":{"line":45,"column":8},"end":{"line":47,"column":9}},"16":{"start":{"line":46,"column":12},"end":{"line":46,"column":115}},"17":{"start":{"line":49,"column":8},"end":{"line":53,"column":9}},"18":{"start":{"line":50,"column":12},"end":{"line":50,"column":91}},"19":{"start":{"line":52,"column":12},"end":{"line":52,"column":92}},"20":{"start":{"line":67,"column":8},"end":{"line":67,"column":61}},"21":{"start":{"line":69,"column":8},"end":{"line":71,"column":10}},"22":{"start":{"line":73,"column":8},"end":{"line":75,"column":9}},"23":{"start":{"line":74,"column":12},"end":{"line":74,"column":109}},"24":{"start":{"line":77,"column":8},"end":{"line":89,"column":9}},"25":{"start":{"line":79,"column":12},"end":{"line":79,"column":80}},"26":{"start":{"line":81,"column":12},"end":{"line":83,"column":13}},"27":{"start":{"line":82,"column":16},"end":{"line":82,"column":71}},"28":{"start":{"line":85,"column":12},"end":{"line":85,"column":46}},"29":{"start":{"line":88,"column":12},"end":{"line":88,"column":85}},"30":{"start":{"line":94,"column":0},"end":{"line":94,"column":21}}},"branchMap":{"1":{"line":32,"type":"if","locations":[{"start":{"line":32,"column":8},"end":{"line":32,"column":8}},{"start":{"line":32,"column":8},"end":{"line":32,"column":8}}]},"2":{"line":45,"type":"if","locations":[{"start":{"line":45,"column":8},"end":{"line":45,"column":8}},{"start":{"line":45,"column":8},"end":{"line":45,"column":8}}]},"3":{"line":73,"type":"if","locations":[{"start":{"line":73,"column":8},"end":{"line":73,"column":8}},{"start":{"line":73,"column":8},"end":{"line":73,"column":8}}]},"4":{"line":81,"type":"if","locations":[{"start":{"line":81,"column":12},"end":{"line":81,"column":12}},{"start":{"line":81,"column":12},"end":{"line":81,"column":12}}]}}},"/src/app/services/authentication.js":{"path":"/src/app/services/authentication.js","s":{"1":1,"2":2,"3":2,"4":2,"5":2,"6":2,"7":3,"8":3,"9":3,"10":3,"11":2,"12":2,"13":2,"14":2,"15":2,"16":1,"17":1,"18":12,"19":12,"20":10,"21":10,"22":10,"23":1,"24":9,"25":1,"26":8,"27":4,"28":2,"29":2,"30":2,"31":2,"32":2,"33":2,"34":2,"35":8,"36":8,"37":2,"38":2,"39":3,"40":3,"41":3,"42":3,"43":2,"44":2,"45":2,"46":2,"47":1},"b":{"1":[1,9],"2":[1,8],"3":[3,1]},"f":{"1":2,"2":3,"3":12,"4":2,"5":2,"6":8,"7":2,"8":3,"9":2,"10":2},"fnMap":{"1":{"name":"(anonymous_1)","line":17,"loc":{"start":{"line":17,"column":15},"end":{"line":17,"column":57}}},"2":{"name":"(anonymous_2)","line":34,"loc":{"start":{"line":34,"column":9},"end":{"line":34,"column":39}}},"3":{"name":"(anonymous_3)","line":74,"loc":{"start":{"line":74,"column":10},"end":{"line":74,"column":18}}},"4":{"name":"(anonymous_4)","line":105,"loc":{"start":{"line":105,"column":10},"end":{"line":105,"column":18}}},"5":{"name":"(anonymous_5)","line":120,"loc":{"start":{"line":120,"column":16},"end":{"line":120,"column":28}}},"6":{"name":"(anonymous_6)","line":130,"loc":{"start":{"line":130,"column":11},"end":{"line":130,"column":16}}},"7":{"name":"(anonymous_7)","line":136,"loc":{"start":{"line":136,"column":18},"end":{"line":136,"column":23}}},"8":{"name":"(anonymous_8)","line":144,"loc":{"start":{"line":144,"column":17},"end":{"line":144,"column":48}}},"9":{"name":"(anonymous_9)","line":163,"loc":{"start":{"line":163,"column":20},"end":{"line":163,"column":41}}},"10":{"name":"(anonymous_10)","line":178,"loc":{"start":{"line":178,"column":27},"end":{"line":178,"column":30}}}},"statementMap":{"1":{"start":{"line":3,"column":0},"end":{"line":3,"column":36}},"2":{"start":{"line":18,"column":8},"end":{"line":18,"column":29}},"3":{"start":{"line":19,"column":8},"end":{"line":19,"column":29}},"4":{"start":{"line":20,"column":8},"end":{"line":20,"column":31}},"5":{"start":{"line":21,"column":8},"end":{"line":21,"column":23}},"6":{"start":{"line":22,"column":8},"end":{"line":22,"column":35}},"7":{"start":{"line":36,"column":8},"end":{"line":36,"column":25}},"8":{"start":{"line":38,"column":8},"end":{"line":65,"column":15}},"9":{"start":{"line":41,"column":16},"end":{"line":41,"column":37}},"10":{"start":{"line":44,"column":16},"end":{"line":44,"column":105}},"11":{"start":{"line":47,"column":16},"end":{"line":47,"column":34}},"12":{"start":{"line":49,"column":16},"end":{"line":51,"column":18}},"13":{"start":{"line":53,"column":16},"end":{"line":55,"column":18}},"14":{"start":{"line":57,"column":16},"end":{"line":59,"column":19}},"15":{"start":{"line":58,"column":20},"end":{"line":58,"column":31}},"16":{"start":{"line":63,"column":16},"end":{"line":63,"column":51}},"17":{"start":{"line":64,"column":16},"end":{"line":64,"column":43}},"18":{"start":{"line":76,"column":8},"end":{"line":76,"column":24}},"19":{"start":{"line":78,"column":8},"end":{"line":102,"column":15}},"20":{"start":{"line":82,"column":16},"end":{"line":82,"column":35}},"21":{"start":{"line":83,"column":16},"end":{"line":83,"column":53}},"22":{"start":{"line":88,"column":16},"end":{"line":90,"column":17}},"23":{"start":{"line":89,"column":20},"end":{"line":89,"column":117}},"24":{"start":{"line":92,"column":16},"end":{"line":95,"column":17}},"25":{"start":{"line":93,"column":20},"end":{"line":94,"column":117}},"26":{"start":{"line":97,"column":16},"end":{"line":97,"column":35}},"27":{"start":{"line":101,"column":16},"end":{"line":101,"column":43}},"28":{"start":{"line":107,"column":8},"end":{"line":107,"column":20}},"29":{"start":{"line":109,"column":8},"end":{"line":117,"column":15}},"30":{"start":{"line":112,"column":16},"end":{"line":112,"column":35}},"31":{"start":{"line":113,"column":16},"end":{"line":113,"column":65}},"32":{"start":{"line":116,"column":16},"end":{"line":116,"column":52}},"33":{"start":{"line":121,"column":8},"end":{"line":127,"column":11}},"34":{"start":{"line":122,"column":12},"end":{"line":126,"column":16}},"35":{"start":{"line":131,"column":8},"end":{"line":133,"column":11}},"36":{"start":{"line":132,"column":12},"end":{"line":132,"column":58}},"37":{"start":{"line":137,"column":8},"end":{"line":141,"column":11}},"38":{"start":{"line":138,"column":12},"end":{"line":140,"column":16}},"39":{"start":{"line":145,"column":8},"end":{"line":155,"column":11}},"40":{"start":{"line":146,"column":12},"end":{"line":146,"column":76}},"41":{"start":{"line":148,"column":12},"end":{"line":153,"column":14}},"42":{"start":{"line":154,"column":12},"end":{"line":154,"column":72}},"43":{"start":{"line":164,"column":8},"end":{"line":171,"column":11}},"44":{"start":{"line":165,"column":12},"end":{"line":165,"column":43}},"45":{"start":{"line":166,"column":12},"end":{"line":166,"column":99}},"46":{"start":{"line":167,"column":12},"end":{"line":170,"column":15}},"47":{"start":{"line":184,"column":0},"end":{"line":184,"column":39}}},"branchMap":{"1":{"line":88,"type":"if","locations":[{"start":{"line":88,"column":16},"end":{"line":88,"column":16}},{"start":{"line":88,"column":16},"end":{"line":88,"column":16}}]},"2":{"line":92,"type":"if","locations":[{"start":{"line":92,"column":16},"end":{"line":92,"column":16}},{"start":{"line":92,"column":16},"end":{"line":92,"column":16}}]},"3":{"line":146,"type":"binary-expr","locations":[{"start":{"line":146,"column":21},"end":{"line":146,"column":28}},{"start":{"line":146,"column":32},"end":{"line":146,"column":75}}]}}},"/src/app/services/image.js":{"path":"/src/app/services/image.js","s":{"1":1,"2":1,"3":1,"4":1,"5":2,"6":2,"7":2,"8":4,"9":4,"10":2,"11":0,"12":2,"13":2,"14":2,"15":2,"16":2,"17":0,"18":2,"19":2,"20":2,"21":2,"22":2,"23":0,"24":2,"25":2,"26":2,"27":1},"b":{"1":[0,2],"2":[0,2],"3":[0,2]},"f":{"1":2,"2":4,"3":2,"4":2,"5":2,"6":2},"fnMap":{"1":{"name":"(anonymous_1)","line":20,"loc":{"start":{"line":20,"column":15},"end":{"line":20,"column":41}}},"2":{"name":"(anonymous_2)","line":33,"loc":{"start":{"line":33,"column":21},"end":{"line":33,"column":32}}},"3":{"name":"(anonymous_3)","line":39,"loc":{"start":{"line":39,"column":22},"end":{"line":39,"column":36}}},"4":{"name":"(anonymous_4)","line":53,"loc":{"start":{"line":53,"column":38},"end":{"line":53,"column":59}}},"5":{"name":"(anonymous_5)","line":63,"loc":{"start":{"line":63,"column":57},"end":{"line":63,"column":79}}},"6":{"name":"(anonymous_6)","line":76,"loc":{"start":{"line":76,"column":23},"end":{"line":76,"column":37}}}},"statementMap":{"1":{"start":{"line":3,"column":0},"end":{"line":3,"column":40}},"2":{"start":{"line":4,"column":0},"end":{"line":4,"column":36}},"3":{"start":{"line":5,"column":0},"end":{"line":5,"column":36}},"4":{"start":{"line":7,"column":0},"end":{"line":7,"column":29}},"5":{"start":{"line":21,"column":8},"end":{"line":21,"column":29}},"6":{"start":{"line":22,"column":8},"end":{"line":22,"column":29}},"7":{"start":{"line":23,"column":8},"end":{"line":23,"column":31}},"8":{"start":{"line":35,"column":8},"end":{"line":80,"column":11}},"9":{"start":{"line":37,"column":12},"end":{"line":79,"column":19}},"10":{"start":{"line":41,"column":20},"end":{"line":43,"column":21}},"11":{"start":{"line":42,"column":24},"end":{"line":42,"column":89}},"12":{"start":{"line":45,"column":20},"end":{"line":45,"column":40}},"13":{"start":{"line":50,"column":20},"end":{"line":50,"column":45}},"14":{"start":{"line":52,"column":20},"end":{"line":52,"column":67}},"15":{"start":{"line":53,"column":20},"end":{"line":72,"column":23}},"16":{"start":{"line":55,"column":24},"end":{"line":57,"column":25}},"17":{"start":{"line":56,"column":28},"end":{"line":56,"column":91}},"18":{"start":{"line":59,"column":24},"end":{"line":59,"column":55}},"19":{"start":{"line":60,"column":24},"end":{"line":60,"column":65}},"20":{"start":{"line":62,"column":24},"end":{"line":62,"column":56}},"21":{"start":{"line":63,"column":24},"end":{"line":71,"column":27}},"22":{"start":{"line":65,"column":28},"end":{"line":67,"column":29}},"23":{"start":{"line":66,"column":32},"end":{"line":66,"column":95}},"24":{"start":{"line":69,"column":28},"end":{"line":69,"column":66}},"25":{"start":{"line":70,"column":28},"end":{"line":70,"column":44}},"26":{"start":{"line":78,"column":20},"end":{"line":78,"column":67}},"27":{"start":{"line":85,"column":0},"end":{"line":85,"column":30}}},"branchMap":{"1":{"line":41,"type":"if","locations":[{"start":{"line":41,"column":20},"end":{"line":41,"column":20}},{"start":{"line":41,"column":20},"end":{"line":41,"column":20}}]},"2":{"line":55,"type":"if","locations":[{"start":{"line":55,"column":24},"end":{"line":55,"column":24}},{"start":{"line":55,"column":24},"end":{"line":55,"column":24}}]},"3":{"line":65,"type":"if","locations":[{"start":{"line":65,"column":28},"end":{"line":65,"column":28}},{"start":{"line":65,"column":28},"end":{"line":65,"column":28}}]}}},"/src/app/controllers/auth_controller.js":{"path":"/src/app/controllers/auth_controller.js","s":{"1":1,"2":1,"3":1,"4":1,"5":1,"6":1,"7":1,"8":1,"9":0,"10":0,"11":1,"12":1,"13":1,"14":1,"15":1,"16":0,"17":0,"18":1,"19":1,"20":1,"21":1,"22":1,"23":1,"24":0,"25":0,"26":1,"27":1,"28":1,"29":1,"30":1,"31":1,"32":1,"33":1,"34":1,"35":1},"b":{"1":[0,1],"2":[1,0],"3":[1,1],"4":[1,0]},"f":{"1":1,"2":1,"3":1,"4":1},"fnMap":{"1":{"name":"(anonymous_1)","line":13,"loc":{"start":{"line":13,"column":15},"end":{"line":13,"column":47}}},"2":{"name":"(anonymous_2)","line":27,"loc":{"start":{"line":27,"column":9},"end":{"line":27,"column":26}}},"3":{"name":"(anonymous_3)","line":67,"loc":{"start":{"line":67,"column":10},"end":{"line":67,"column":27}}},"4":{"name":"(anonymous_4)","line":99,"loc":{"start":{"line":99,"column":26},"end":{"line":99,"column":32}}}},"statementMap":{"1":{"start":{"line":3,"column":0},"end":{"line":3,"column":34}},"2":{"start":{"line":4,"column":0},"end":{"line":4,"column":40}},"3":{"start":{"line":15,"column":8},"end":{"line":15,"column":31}},"4":{"start":{"line":16,"column":8},"end":{"line":16,"column":31}},"5":{"start":{"line":17,"column":8},"end":{"line":17,"column":39}},"6":{"start":{"line":29,"column":8},"end":{"line":29,"column":41}},"7":{"start":{"line":30,"column":8},"end":{"line":30,"column":41}},"8":{"start":{"line":32,"column":8},"end":{"line":35,"column":9}},"9":{"start":{"line":33,"column":12},"end":{"line":33,"column":100}},"10":{"start":{"line":34,"column":12},"end":{"line":34,"column":26}},"11":{"start":{"line":37,"column":8},"end":{"line":37,"column":55}},"12":{"start":{"line":39,"column":8},"end":{"line":39,"column":53}},"13":{"start":{"line":41,"column":8},"end":{"line":58,"column":15}},"14":{"start":{"line":44,"column":16},"end":{"line":44,"column":65}},"15":{"start":{"line":45,"column":16},"end":{"line":48,"column":19}},"16":{"start":{"line":52,"column":16},"end":{"line":52,"column":94}},"17":{"start":{"line":53,"column":16},"end":{"line":53,"column":52}},"18":{"start":{"line":57,"column":16},"end":{"line":57,"column":30}},"19":{"start":{"line":69,"column":8},"end":{"line":69,"column":42}},"20":{"start":{"line":71,"column":8},"end":{"line":71,"column":54}},"21":{"start":{"line":73,"column":8},"end":{"line":90,"column":15}},"22":{"start":{"line":76,"column":16},"end":{"line":76,"column":66}},"23":{"start":{"line":77,"column":16},"end":{"line":79,"column":19}},"24":{"start":{"line":84,"column":16},"end":{"line":84,"column":95}},"25":{"start":{"line":85,"column":16},"end":{"line":85,"column":54}},"26":{"start":{"line":89,"column":16},"end":{"line":89,"column":30}},"27":{"start":{"line":100,"column":8},"end":{"line":100,"column":25}},"28":{"start":{"line":102,"column":8},"end":{"line":102,"column":50}},"29":{"start":{"line":103,"column":8},"end":{"line":105,"column":9}},"30":{"start":{"line":104,"column":12},"end":{"line":104,"column":42}},"31":{"start":{"line":107,"column":8},"end":{"line":107,"column":80}},"32":{"start":{"line":108,"column":8},"end":{"line":110,"column":9}},"33":{"start":{"line":109,"column":12},"end":{"line":109,"column":35}},"34":{"start":{"line":112,"column":8},"end":{"line":112,"column":23}},"35":{"start":{"line":116,"column":0},"end":{"line":116,"column":32}}},"branchMap":{"1":{"line":32,"type":"if","locations":[{"start":{"line":32,"column":8},"end":{"line":32,"column":8}},{"start":{"line":32,"column":8},"end":{"line":32,"column":8}}]},"2":{"line":103,"type":"if","locations":[{"start":{"line":103,"column":8},"end":{"line":103,"column":8}},{"start":{"line":103,"column":8},"end":{"line":103,"column":8}}]},"3":{"line":107,"type":"binary-expr","locations":[{"start":{"line":107,"column":17},"end":{"line":107,"column":47}},{"start":{"line":107,"column":51},"end":{"line":107,"column":79}}]},"4":{"line":108,"type":"if","locations":[{"start":{"line":108,"column":8},"end":{"line":108,"column":8}},{"start":{"line":108,"column":8},"end":{"line":108,"column":8}}]}}},"/src/app/controllers/image_controller.js":{"path":"/src/app/controllers/image_controller.js","s":{"1":1,"2":1,"3":1,"4":1,"5":1,"6":1,"7":2,"8":2,"9":0,"10":0,"11":2,"12":2,"13":1,"14":1,"15":1,"16":1,"17":1,"18":1,"19":1},"b":{"1":[0,2]},"f":{"1":1,"2":2},"fnMap":{"1":{"name":"(anonymous_1)","line":14,"loc":{"start":{"line":14,"column":15},"end":{"line":14,"column":48}}},"2":{"name":"(anonymous_2)","line":28,"loc":{"start":{"line":28,"column":21},"end":{"line":28,"column":38}}}},"statementMap":{"1":{"start":{"line":3,"column":0},"end":{"line":3,"column":34}},"2":{"start":{"line":4,"column":0},"end":{"line":4,"column":40}},"3":{"start":{"line":5,"column":0},"end":{"line":5,"column":38}},"4":{"start":{"line":16,"column":8},"end":{"line":16,"column":31}},"5":{"start":{"line":17,"column":8},"end":{"line":17,"column":31}},"6":{"start":{"line":18,"column":8},"end":{"line":18,"column":41}},"7":{"start":{"line":30,"column":8},"end":{"line":30,"column":43}},"8":{"start":{"line":32,"column":8},"end":{"line":36,"column":9}},"9":{"start":{"line":34,"column":12},"end":{"line":34,"column":73}},"10":{"start":{"line":35,"column":12},"end":{"line":35,"column":26}},"11":{"start":{"line":38,"column":8},"end":{"line":38,"column":68}},"12":{"start":{"line":40,"column":8},"end":{"line":54,"column":15}},"13":{"start":{"line":43,"column":16},"end":{"line":43,"column":80}},"14":{"start":{"line":45,"column":16},"end":{"line":45,"column":48}},"15":{"start":{"line":46,"column":16},"end":{"line":46,"column":29}},"16":{"start":{"line":50,"column":16},"end":{"line":50,"column":98}},"17":{"start":{"line":52,"column":16},"end":{"line":52,"column":54}},"18":{"start":{"line":53,"column":16},"end":{"line":53,"column":30}},"19":{"start":{"line":58,"column":0},"end":{"line":58,"column":33}}},"branchMap":{"1":{"line":32,"type":"if","locations":[{"start":{"line":32,"column":8},"end":{"line":32,"column":8}},{"start":{"line":32,"column":8},"end":{"line":32,"column":8}}]}}},"/src/app/controllers/json_pach_controller.js":{"path":"/src/app/controllers/json_pach_controller.js","s":{"1":1,"2":1,"3":1,"4":1,"5":1,"6":2,"7":2,"8":2,"9":2,"10":2,"11":1,"12":1,"13":1,"14":1,"15":1,"16":0,"17":0,"18":1,"19":1,"20":1,"21":1,"22":1,"23":1,"24":1,"25":0,"26":1,"27":0,"28":1,"29":1,"30":1,"31":0,"32":1,"33":1},"b":{"1":[2,0],"2":[1,0],"3":[0,1],"4":[0,1],"5":[1,1],"6":[0,1],"7":[1,1],"8":[0,1],"9":[1,1,1]},"f":{"1":1,"2":2,"3":1},"fnMap":{"1":{"name":"(anonymous_1)","line":14,"loc":{"start":{"line":14,"column":15},"end":{"line":14,"column":34}}},"2":{"name":"(anonymous_2)","line":27,"loc":{"start":{"line":27,"column":13},"end":{"line":27,"column":30}}},"3":{"name":"(anonymous_3)","line":66,"loc":{"start":{"line":66,"column":19},"end":{"line":66,"column":37}}}},"statementMap":{"1":{"start":{"line":3,"column":0},"end":{"line":3,"column":37}},"2":{"start":{"line":5,"column":0},"end":{"line":5,"column":34}},"3":{"start":{"line":6,"column":0},"end":{"line":6,"column":40}},"4":{"start":{"line":16,"column":8},"end":{"line":16,"column":31}},"5":{"start":{"line":17,"column":8},"end":{"line":17,"column":31}},"6":{"start":{"line":29,"column":8},"end":{"line":29,"column":41}},"7":{"start":{"line":30,"column":8},"end":{"line":30,"column":35}},"8":{"start":{"line":33,"column":8},"end":{"line":45,"column":9}},"9":{"start":{"line":34,"column":12},"end":{"line":36,"column":13}},"10":{"start":{"line":35,"column":16},"end":{"line":35,"column":48}},"11":{"start":{"line":38,"column":12},"end":{"line":40,"column":13}},"12":{"start":{"line":39,"column":16},"end":{"line":39,"column":42}},"13":{"start":{"line":43,"column":12},"end":{"line":43,"column":73}},"14":{"start":{"line":44,"column":12},"end":{"line":44,"column":26}},"15":{"start":{"line":49,"column":8},"end":{"line":52,"column":9}},"16":{"start":{"line":50,"column":12},"end":{"line":50,"column":73}},"17":{"start":{"line":51,"column":12},"end":{"line":51,"column":26}},"18":{"start":{"line":54,"column":8},"end":{"line":54,"column":58}},"19":{"start":{"line":56,"column":8},"end":{"line":56,"column":67}},"20":{"start":{"line":58,"column":8},"end":{"line":58,"column":62}},"21":{"start":{"line":60,"column":8},"end":{"line":60,"column":45}},"22":{"start":{"line":61,"column":8},"end":{"line":61,"column":47}},"23":{"start":{"line":63,"column":8},"end":{"line":63,"column":22}},"24":{"start":{"line":68,"column":8},"end":{"line":70,"column":9}},"25":{"start":{"line":69,"column":12},"end":{"line":69,"column":25}},"26":{"start":{"line":72,"column":8},"end":{"line":74,"column":9}},"27":{"start":{"line":73,"column":12},"end":{"line":73,"column":25}},"28":{"start":{"line":76,"column":8},"end":{"line":81,"column":9}},"29":{"start":{"line":77,"column":12},"end":{"line":77,"column":33}},"30":{"start":{"line":78,"column":12},"end":{"line":80,"column":13}},"31":{"start":{"line":79,"column":16},"end":{"line":79,"column":29}},"32":{"start":{"line":83,"column":8},"end":{"line":83,"column":20}},"33":{"start":{"line":88,"column":0},"end":{"line":88,"column":37}}},"branchMap":{"1":{"line":34,"type":"if","locations":[{"start":{"line":34,"column":12},"end":{"line":34,"column":12}},{"start":{"line":34,"column":12},"end":{"line":34,"column":12}}]},"2":{"line":38,"type":"if","locations":[{"start":{"line":38,"column":12},"end":{"line":38,"column":12}},{"start":{"line":38,"column":12},"end":{"line":38,"column":12}}]},"3":{"line":49,"type":"if","locations":[{"start":{"line":49,"column":8},"end":{"line":49,"column":8}},{"start":{"line":49,"column":8},"end":{"line":49,"column":8}}]},"4":{"line":68,"type":"if","locations":[{"start":{"line":68,"column":8},"end":{"line":68,"column":8}},{"start":{"line":68,"column":8},"end":{"line":68,"column":8}}]},"5":{"line":68,"type":"binary-expr","locations":[{"start":{"line":68,"column":14},"end":{"line":68,"column":40}},{"start":{"line":68,"column":44},"end":{"line":68,"column":66}}]},"6":{"line":72,"type":"if","locations":[{"start":{"line":72,"column":8},"end":{"line":72,"column":8}},{"start":{"line":72,"column":8},"end":{"line":72,"column":8}}]},"7":{"line":72,"type":"binary-expr","locations":[{"start":{"line":72,"column":14},"end":{"line":72,"column":42}},{"start":{"line":72,"column":46},"end":{"line":72,"column":58}}]},"8":{"line":78,"type":"if","locations":[{"start":{"line":78,"column":12},"end":{"line":78,"column":12}},{"start":{"line":78,"column":12},"end":{"line":78,"column":12}}]},"9":{"line":78,"type":"binary-expr","locations":[{"start":{"line":78,"column":18},"end":{"line":78,"column":26}},{"start":{"line":78,"column":30},"end":{"line":78,"column":40}},{"start":{"line":78,"column":44},"end":{"line":78,"column":55}}]}}},"/src/app/lib/logging.js":{"path":"/src/app/lib/logging.js","s":{"1":1,"2":1,"3":1,"4":16,"5":16,"6":16,"7":16,"8":16,"9":16,"10":0,"11":16,"12":1,"13":32,"14":1,"15":1,"16":1,"17":1,"18":1,"19":0,"20":1,"21":1,"22":1,"23":1,"24":1,"25":1,"26":1,"27":1},"b":{"1":[16,0],"2":[0,16],"3":[16,16],"4":[1,0],"5":[0,1],"6":[1,0]},"f":{"1":16,"2":32,"3":1,"4":1,"5":1},"fnMap":{"1":{"name":"(anonymous_1)","line":11,"loc":{"start":{"line":11,"column":16},"end":{"line":11,"column":32}}},"2":{"name":"(anonymous_2)","line":31,"loc":{"start":{"line":31,"column":24},"end":{"line":31,"column":35}}},"3":{"name":"(anonymous_3)","line":39,"loc":{"start":{"line":39,"column":23},"end":{"line":39,"column":40}}},"4":{"name":"(anonymous_4)","line":47,"loc":{"start":{"line":47,"column":34},"end":{"line":47,"column":52}}},"5":{"name":"(anonymous_5)","line":90,"loc":{"start":{"line":90,"column":12},"end":{"line":90,"column":29}}}},"statementMap":{"1":{"start":{"line":3,"column":0},"end":{"line":3,"column":33}},"2":{"start":{"line":4,"column":0},"end":{"line":4,"column":23}},"3":{"start":{"line":11,"column":0},"end":{"line":25,"column":2}},"4":{"start":{"line":12,"column":4},"end":{"line":12,"column":57}},"5":{"start":{"line":14,"column":4},"end":{"line":14,"column":21}},"6":{"start":{"line":15,"column":4},"end":{"line":17,"column":5}},"7":{"start":{"line":16,"column":8},"end":{"line":16,"column":32}},"8":{"start":{"line":19,"column":4},"end":{"line":19,"column":21}},"9":{"start":{"line":20,"column":4},"end":{"line":22,"column":5}},"10":{"start":{"line":21,"column":8},"end":{"line":21,"column":45}},"11":{"start":{"line":24,"column":4},"end":{"line":24,"column":82}},"12":{"start":{"line":31,"column":0},"end":{"line":33,"column":2}},"13":{"start":{"line":32,"column":4},"end":{"line":32,"column":22}},"14":{"start":{"line":39,"column":0},"end":{"line":81,"column":2}},"15":{"start":{"line":41,"column":4},"end":{"line":41,"column":24}},"16":{"start":{"line":44,"column":4},"end":{"line":66,"column":5}},"17":{"start":{"line":47,"column":8},"end":{"line":54,"column":11}},"18":{"start":{"line":48,"column":12},"end":{"line":50,"column":13}},"19":{"start":{"line":49,"column":16},"end":{"line":49,"column":79}},"20":{"start":{"line":52,"column":12},"end":{"line":52,"column":41}},"21":{"start":{"line":53,"column":12},"end":{"line":53,"column":25}},"22":{"start":{"line":57,"column":8},"end":{"line":65,"column":10}},"23":{"start":{"line":70,"column":4},"end":{"line":78,"column":5}},"24":{"start":{"line":71,"column":8},"end":{"line":77,"column":10}},"25":{"start":{"line":80,"column":4},"end":{"line":80,"column":22}},"26":{"start":{"line":83,"column":0},"end":{"line":95,"column":2}},"27":{"start":{"line":91,"column":8},"end":{"line":93,"column":11}}},"branchMap":{"1":{"line":15,"type":"if","locations":[{"start":{"line":15,"column":4},"end":{"line":15,"column":4}},{"start":{"line":15,"column":4},"end":{"line":15,"column":4}}]},"2":{"line":20,"type":"if","locations":[{"start":{"line":20,"column":4},"end":{"line":20,"column":4}},{"start":{"line":20,"column":4},"end":{"line":20,"column":4}}]},"3":{"line":20,"type":"binary-expr","locations":[{"start":{"line":20,"column":8},"end":{"line":20,"column":18}},{"start":{"line":20,"column":22},"end":{"line":20,"column":52}}]},"4":{"line":44,"type":"if","locations":[{"start":{"line":44,"column":4},"end":{"line":44,"column":4}},{"start":{"line":44,"column":4},"end":{"line":44,"column":4}}]},"5":{"line":48,"type":"if","locations":[{"start":{"line":48,"column":12},"end":{"line":48,"column":12}},{"start":{"line":48,"column":12},"end":{"line":48,"column":12}}]},"6":{"line":70,"type":"if","locations":[{"start":{"line":70,"column":4},"end":{"line":70,"column":4}},{"start":{"line":70,"column":4},"end":{"line":70,"column":4}}]}}},"/src/app/lib/metrics.js":{"path":"/src/app/lib/metrics.js","s":{"1":1,"2":1,"3":1,"4":1,"5":1,"6":1,"7":1,"8":1,"9":1,"10":1,"11":0,"12":1,"13":1,"14":1,"15":1,"16":1},"b":{"1":[0,1],"2":[1,0],"3":[1,0]},"f":{"1":1},"fnMap":{"1":{"name":"(anonymous_1)","line":26,"loc":{"start":{"line":26,"column":11},"end":{"line":26,"column":51}}}},"statementMap":{"1":{"start":{"line":10,"column":0},"end":{"line":10,"column":38}},"2":{"start":{"line":12,"column":0},"end":{"line":12,"column":46}},"3":{"start":{"line":13,"column":0},"end":{"line":13,"column":23}},"4":{"start":{"line":15,"column":0},"end":{"line":15,"column":11}},"5":{"start":{"line":16,"column":0},"end":{"line":16,"column":11}},"6":{"start":{"line":18,"column":0},"end":{"line":18,"column":11}},"7":{"start":{"line":26,"column":0},"end":{"line":45,"column":2}},"8":{"start":{"line":27,"column":4},"end":{"line":27,"column":28}},"9":{"start":{"line":28,"column":4},"end":{"line":28,"column":27}},"10":{"start":{"line":30,"column":4},"end":{"line":32,"column":5}},"11":{"start":{"line":31,"column":8},"end":{"line":31,"column":108}},"12":{"start":{"line":34,"column":4},"end":{"line":34,"column":42}},"13":{"start":{"line":35,"column":4},"end":{"line":35,"column":42}},"14":{"start":{"line":37,"column":4},"end":{"line":37,"column":83}},"15":{"start":{"line":39,"column":4},"end":{"line":44,"column":7}},"16":{"start":{"line":47,"column":0},"end":{"line":47,"column":19}}},"branchMap":{"1":{"line":30,"type":"if","locations":[{"start":{"line":30,"column":4},"end":{"line":30,"column":4}},{"start":{"line":30,"column":4},"end":{"line":30,"column":4}}]},"2":{"line":34,"type":"binary-expr","locations":[{"start":{"line":34,"column":15},"end":{"line":34,"column":26}},{"start":{"line":34,"column":30},"end":{"line":34,"column":41}}]},"3":{"line":35,"type":"binary-expr","locations":[{"start":{"line":35,"column":15},"end":{"line":35,"column":26}},{"start":{"line":35,"column":30},"end":{"line":35,"column":41}}]}}},"/src/app/lib/routestats.js":{"path":"/src/app/lib/routestats.js","s":{"1":1,"2":9,"3":1,"4":8,"5":8,"6":2,"7":8,"8":4,"9":8,"10":8,"11":5,"12":3,"13":2,"14":8,"15":1,"16":9,"17":9,"18":9,"19":9,"20":9,"21":9,"22":9,"23":9,"24":9,"25":9,"26":9,"27":1},"b":{"1":[1,8],"2":[9,8],"3":[2,6],"4":[4,4],"5":[5,3],"6":[8,5],"7":[1,1],"8":[2,2]},"f":{"1":9,"2":2,"3":9,"4":9},"fnMap":{"1":{"name":"RouteStats","line":14,"loc":{"start":{"line":14,"column":0},"end":{"line":14,"column":75}}},"2":{"name":"(anonymous_2)","line":44,"loc":{"start":{"line":44,"column":32},"end":{"line":44,"column":48}}},"3":{"name":"(anonymous_3)","line":58,"loc":{"start":{"line":58,"column":30},"end":{"line":58,"column":49}}},"4":{"name":"(anonymous_4)","line":65,"loc":{"start":{"line":65,"column":25},"end":{"line":65,"column":36}}}},"statementMap":{"1":{"start":{"line":14,"column":0},"end":{"line":49,"column":1}},"2":{"start":{"line":15,"column":4},"end":{"line":17,"column":5}},"3":{"start":{"line":16,"column":8},"end":{"line":16,"column":54}},"4":{"start":{"line":20,"column":4},"end":{"line":25,"column":6}},"5":{"start":{"line":28,"column":4},"end":{"line":34,"column":5}},"6":{"start":{"line":29,"column":8},"end":{"line":33,"column":9}},"7":{"start":{"line":30,"column":12},"end":{"line":32,"column":13}},"8":{"start":{"line":31,"column":16},"end":{"line":31,"column":68}},"9":{"start":{"line":36,"column":4},"end":{"line":36,"column":37}},"10":{"start":{"line":39,"column":4},"end":{"line":45,"column":5}},"11":{"start":{"line":40,"column":8},"end":{"line":40,"column":49}},"12":{"start":{"line":44,"column":8},"end":{"line":44,"column":107}},"13":{"start":{"line":44,"column":50},"end":{"line":44,"column":104}},"14":{"start":{"line":48,"column":4},"end":{"line":48,"column":43}},"15":{"start":{"line":58,"column":0},"end":{"line":101,"column":2}},"16":{"start":{"line":60,"column":4},"end":{"line":60,"column":37}},"17":{"start":{"line":63,"column":4},"end":{"line":63,"column":21}},"18":{"start":{"line":65,"column":4},"end":{"line":100,"column":7}},"19":{"start":{"line":66,"column":8},"end":{"line":66,"column":48}},"20":{"start":{"line":67,"column":8},"end":{"line":67,"column":51}},"21":{"start":{"line":70,"column":8},"end":{"line":74,"column":9}},"22":{"start":{"line":71,"column":12},"end":{"line":71,"column":58}},"23":{"start":{"line":80,"column":8},"end":{"line":83,"column":10}},"24":{"start":{"line":86,"column":8},"end":{"line":90,"column":10}},"25":{"start":{"line":93,"column":8},"end":{"line":95,"column":10}},"26":{"start":{"line":98,"column":8},"end":{"line":98,"column":71}},"27":{"start":{"line":103,"column":0},"end":{"line":103,"column":28}}},"branchMap":{"1":{"line":15,"type":"if","locations":[{"start":{"line":15,"column":4},"end":{"line":15,"column":4}},{"start":{"line":15,"column":4},"end":{"line":15,"column":4}}]},"2":{"line":15,"type":"binary-expr","locations":[{"start":{"line":15,"column":8},"end":{"line":15,"column":21}},{"start":{"line":15,"column":26},"end":{"line":15,"column":58}}]},"3":{"line":28,"type":"if","locations":[{"start":{"line":28,"column":4},"end":{"line":28,"column":4}},{"start":{"line":28,"column":4},"end":{"line":28,"column":4}}]},"4":{"line":30,"type":"if","locations":[{"start":{"line":30,"column":12},"end":{"line":30,"column":12}},{"start":{"line":30,"column":12},"end":{"line":30,"column":12}}]},"5":{"line":39,"type":"if","locations":[{"start":{"line":39,"column":4},"end":{"line":39,"column":4}},{"start":{"line":39,"column":4},"end":{"line":39,"column":4}}]},"6":{"line":39,"type":"binary-expr","locations":[{"start":{"line":39,"column":8},"end":{"line":39,"column":24}},{"start":{"line":39,"column":29},"end":{"line":39,"column":67}}]},"7":{"line":44,"type":"cond-expr","locations":[{"start":{"line":44,"column":81},"end":{"line":44,"column":91}},{"start":{"line":44,"column":94},"end":{"line":44,"column":103}}]},"8":{"line":44,"type":"binary-expr","locations":[{"start":{"line":44,"column":58},"end":{"line":44,"column":63}},{"start":{"line":44,"column":67},"end":{"line":44,"column":77}}]}}},"/src/app/lib/validation.js":{"path":"/src/app/lib/validation.js","s":{"1":1,"2":1,"3":1,"4":1,"5":1,"6":3,"7":14,"8":14,"9":14,"10":10,"11":4,"12":4,"13":0,"14":4,"15":2,"16":4,"17":4,"18":1,"19":1,"20":3,"21":1,"22":1,"23":1,"24":2,"25":2,"26":1,"27":1,"28":1,"29":1,"30":1,"31":0,"32":0,"33":0,"34":0,"35":0,"36":0,"37":0,"38":0,"39":0},"b":{"1":[10,4],"2":[0,4],"3":[2,2],"4":[1,3],"5":[1,2],"6":[1,1],"7":[0,0],"8":[0,0]},"f":{"1":3,"2":14,"3":0,"4":0},"fnMap":{"1":{"name":"(anonymous_1)","line":23,"loc":{"start":{"line":23,"column":21},"end":{"line":23,"column":62}}},"2":{"name":"paramValidationMiddleware","line":25,"loc":{"start":{"line":25,"column":15},"end":{"line":25,"column":66}}},"3":{"name":"(anonymous_3)","line":92,"loc":{"start":{"line":92,"column":22},"end":{"line":92,"column":39}}},"4":{"name":"headerValidationMiddleware","line":94,"loc":{"start":{"line":94,"column":15},"end":{"line":94,"column":67}}}},"statementMap":{"1":{"start":{"line":3,"column":0},"end":{"line":3,"column":47}},"2":{"start":{"line":4,"column":0},"end":{"line":4,"column":58}},"3":{"start":{"line":5,"column":0},"end":{"line":5,"column":85}},"4":{"start":{"line":6,"column":0},"end":{"line":6,"column":98}},"5":{"start":{"line":8,"column":0},"end":{"line":119,"column":2}},"6":{"start":{"line":25,"column":8},"end":{"line":80,"column":10}},"7":{"start":{"line":27,"column":12},"end":{"line":27,"column":44}},"8":{"start":{"line":28,"column":12},"end":{"line":28,"column":50}},"9":{"start":{"line":30,"column":12},"end":{"line":32,"column":13}},"10":{"start":{"line":31,"column":16},"end":{"line":31,"column":30}},"11":{"start":{"line":34,"column":12},"end":{"line":34,"column":62}},"12":{"start":{"line":36,"column":12},"end":{"line":38,"column":13}},"13":{"start":{"line":37,"column":16},"end":{"line":37,"column":29}},"14":{"start":{"line":40,"column":12},"end":{"line":42,"column":13}},"15":{"start":{"line":41,"column":16},"end":{"line":41,"column":44}},"16":{"start":{"line":44,"column":12},"end":{"line":77,"column":13}},"17":{"start":{"line":45,"column":16},"end":{"line":76,"column":17}},"18":{"start":{"line":46,"column":20},"end":{"line":46,"column":78}},"19":{"start":{"line":47,"column":20},"end":{"line":47,"column":86}},"20":{"start":{"line":50,"column":20},"end":{"line":58,"column":21}},"21":{"start":{"line":51,"column":24},"end":{"line":51,"column":73}},"22":{"start":{"line":53,"column":24},"end":{"line":56,"column":26}},"23":{"start":{"line":57,"column":24},"end":{"line":57,"column":31}},"24":{"start":{"line":60,"column":20},"end":{"line":60,"column":78}},"25":{"start":{"line":62,"column":20},"end":{"line":75,"column":21}},"26":{"start":{"line":63,"column":24},"end":{"line":63,"column":76}},"27":{"start":{"line":65,"column":24},"end":{"line":70,"column":26}},"28":{"start":{"line":71,"column":24},"end":{"line":71,"column":31}},"29":{"start":{"line":74,"column":24},"end":{"line":74,"column":82}},"30":{"start":{"line":79,"column":12},"end":{"line":79,"column":19}},"31":{"start":{"line":94,"column":8},"end":{"line":117,"column":10}},"32":{"start":{"line":96,"column":12},"end":{"line":96,"column":52}},"33":{"start":{"line":98,"column":12},"end":{"line":100,"column":13}},"34":{"start":{"line":99,"column":16},"end":{"line":99,"column":30}},"35":{"start":{"line":102,"column":12},"end":{"line":116,"column":13}},"36":{"start":{"line":103,"column":16},"end":{"line":103,"column":93}},"37":{"start":{"line":105,"column":16},"end":{"line":105,"column":30}},"38":{"start":{"line":108,"column":16},"end":{"line":108,"column":95}},"39":{"start":{"line":110,"column":16},"end":{"line":115,"column":18}}},"branchMap":{"1":{"line":30,"type":"if","locations":[{"start":{"line":30,"column":12},"end":{"line":30,"column":12}},{"start":{"line":30,"column":12},"end":{"line":30,"column":12}}]},"2":{"line":36,"type":"if","locations":[{"start":{"line":36,"column":12},"end":{"line":36,"column":12}},{"start":{"line":36,"column":12},"end":{"line":36,"column":12}}]},"3":{"line":40,"type":"if","locations":[{"start":{"line":40,"column":12},"end":{"line":40,"column":12}},{"start":{"line":40,"column":12},"end":{"line":40,"column":12}}]},"4":{"line":45,"type":"if","locations":[{"start":{"line":45,"column":16},"end":{"line":45,"column":16}},{"start":{"line":45,"column":16},"end":{"line":45,"column":16}}]},"5":{"line":50,"type":"if","locations":[{"start":{"line":50,"column":20},"end":{"line":50,"column":20}},{"start":{"line":50,"column":20},"end":{"line":50,"column":20}}]},"6":{"line":62,"type":"if","locations":[{"start":{"line":62,"column":20},"end":{"line":62,"column":20}},{"start":{"line":62,"column":20},"end":{"line":62,"column":20}}]},"7":{"line":98,"type":"if","locations":[{"start":{"line":98,"column":12},"end":{"line":98,"column":12}},{"start":{"line":98,"column":12},"end":{"line":98,"column":12}}]},"8":{"line":102,"type":"if","locations":[{"start":{"line":102,"column":12},"end":{"line":102,"column":12}},{"start":{"line":102,"column":12},"end":{"line":102,"column":12}}]}}},"/src/app/middlewares/index.js":{"path":"/src/app/middlewares/index.js","s":{"1":1,"2":1,"3":1},"b":{},"f":{},"fnMap":{},"statementMap":{"1":{"start":{"line":3,"column":0},"end":{"line":3,"column":23}},"2":{"start":{"line":5,"column":0},"end":{"line":5,"column":50}},"3":{"start":{"line":7,"column":0},"end":{"line":7,"column":29}}},"branchMap":{}},"/src/app/middlewares/auth.js":{"path":"/src/app/middlewares/auth.js","s":{"1":1,"2":1,"3":1,"4":1,"5":1,"6":7,"7":0,"8":1,"9":7,"10":5,"11":2,"12":1,"13":1,"14":7,"15":7,"16":1,"17":7,"18":6,"19":1},"b":{"1":[0,7],"2":[5,2],"3":[7,5],"4":[1,1],"5":[2,2],"6":[1,6]},"f":{"1":7},"fnMap":{"1":{"name":"fromHeaderOrQuerystring","line":21,"loc":{"start":{"line":21,"column":4},"end":{"line":21,"column":42}}}},"statementMap":{"1":{"start":{"line":3,"column":0},"end":{"line":3,"column":40}},"2":{"start":{"line":4,"column":0},"end":{"line":4,"column":36}},"3":{"start":{"line":5,"column":0},"end":{"line":5,"column":57}},"4":{"start":{"line":7,"column":0},"end":{"line":7,"column":62}},"5":{"start":{"line":15,"column":0},"end":{"line":44,"column":2}},"6":{"start":{"line":17,"column":4},"end":{"line":19,"column":5}},"7":{"start":{"line":18,"column":8},"end":{"line":18,"column":22}},"8":{"start":{"line":21,"column":4},"end":{"line":29,"column":5}},"9":{"start":{"line":22,"column":8},"end":{"line":26,"column":9}},"10":{"start":{"line":23,"column":12},"end":{"line":23,"column":59}},"11":{"start":{"line":24,"column":15},"end":{"line":26,"column":9}},"12":{"start":{"line":25,"column":12},"end":{"line":25,"column":35}},"13":{"start":{"line":28,"column":8},"end":{"line":28,"column":20}},"14":{"start":{"line":31,"column":4},"end":{"line":31,"column":48}},"15":{"start":{"line":33,"column":4},"end":{"line":35,"column":5}},"16":{"start":{"line":34,"column":8},"end":{"line":34,"column":110}},"17":{"start":{"line":37,"column":4},"end":{"line":43,"column":11}},"18":{"start":{"line":39,"column":12},"end":{"line":39,"column":26}},"19":{"start":{"line":42,"column":12},"end":{"line":42,"column":48}}},"branchMap":{"1":{"line":17,"type":"if","locations":[{"start":{"line":17,"column":4},"end":{"line":17,"column":4}},{"start":{"line":17,"column":4},"end":{"line":17,"column":4}}]},"2":{"line":22,"type":"if","locations":[{"start":{"line":22,"column":8},"end":{"line":22,"column":8}},{"start":{"line":22,"column":8},"end":{"line":22,"column":8}}]},"3":{"line":22,"type":"binary-expr","locations":[{"start":{"line":22,"column":12},"end":{"line":22,"column":37}},{"start":{"line":22,"column":41},"end":{"line":22,"column":93}}]},"4":{"line":24,"type":"if","locations":[{"start":{"line":24,"column":15},"end":{"line":24,"column":15}},{"start":{"line":24,"column":15},"end":{"line":24,"column":15}}]},"5":{"line":24,"type":"binary-expr","locations":[{"start":{"line":24,"column":19},"end":{"line":24,"column":28}},{"start":{"line":24,"column":32},"end":{"line":24,"column":47}}]},"6":{"line":33,"type":"if","locations":[{"start":{"line":33,"column":4},"end":{"line":33,"column":4}},{"start":{"line":33,"column":4},"end":{"line":33,"column":4}}]}}},"/src/app/lib/route_table.js":{"path":"/src/app/lib/route_table.js","s":{"1":1,"2":1,"3":1,"4":1,"5":1,"6":1,"7":1,"8":1,"9":1,"10":1,"11":1,"12":1,"13":1,"14":6,"15":6,"16":6,"17":6,"18":6,"19":6,"20":6,"21":6,"22":6,"23":6,"24":6,"25":1,"26":1},"b":{"1":[6,0],"2":[6,0],"3":[6,0]},"f":{"1":1},"fnMap":{"1":{"name":"(anonymous_1)","line":7,"loc":{"start":{"line":7,"column":18},"end":{"line":7,"column":35}}}},"statementMap":{"1":{"start":{"line":7,"column":0},"end":{"line":59,"column":2}},"2":{"start":{"line":8,"column":4},"end":{"line":8,"column":37}},"3":{"start":{"line":10,"column":4},"end":{"line":16,"column":7}},"4":{"start":{"line":19,"column":4},"end":{"line":19,"column":12}},"5":{"start":{"line":20,"column":4},"end":{"line":20,"column":14}},"6":{"start":{"line":21,"column":4},"end":{"line":21,"column":13}},"7":{"start":{"line":22,"column":4},"end":{"line":22,"column":14}},"8":{"start":{"line":23,"column":4},"end":{"line":23,"column":16}},"9":{"start":{"line":24,"column":4},"end":{"line":24,"column":12}},"10":{"start":{"line":26,"column":4},"end":{"line":26,"column":49}},"11":{"start":{"line":27,"column":4},"end":{"line":27,"column":46}},"12":{"start":{"line":29,"column":4},"end":{"line":29,"column":42}},"13":{"start":{"line":31,"column":4},"end":{"line":54,"column":5}},"14":{"start":{"line":32,"column":8},"end":{"line":53,"column":9}},"15":{"start":{"line":33,"column":12},"end":{"line":33,"column":30}},"16":{"start":{"line":36,"column":12},"end":{"line":52,"column":13}},"17":{"start":{"line":37,"column":16},"end":{"line":37,"column":25}},"18":{"start":{"line":39,"column":16},"end":{"line":39,"column":46}},"19":{"start":{"line":43,"column":16},"end":{"line":45,"column":17}},"20":{"start":{"line":44,"column":20},"end":{"line":44,"column":73}},"21":{"start":{"line":47,"column":16},"end":{"line":47,"column":54}},"22":{"start":{"line":48,"column":16},"end":{"line":48,"column":84}},"23":{"start":{"line":49,"column":16},"end":{"line":49,"column":58}},"24":{"start":{"line":51,"column":16},"end":{"line":51,"column":32}},"25":{"start":{"line":56,"column":4},"end":{"line":56,"column":41}},"26":{"start":{"line":58,"column":4},"end":{"line":58,"column":17}}},"branchMap":{"1":{"line":32,"type":"if","locations":[{"start":{"line":32,"column":8},"end":{"line":32,"column":8}},{"start":{"line":32,"column":8},"end":{"line":32,"column":8}}]},"2":{"line":43,"type":"if","locations":[{"start":{"line":43,"column":16},"end":{"line":43,"column":16}},{"start":{"line":43,"column":16},"end":{"line":43,"column":16}}]},"3":{"line":48,"type":"cond-expr","locations":[{"start":{"line":48,"column":61},"end":{"line":48,"column":75}},{"start":{"line":48,"column":78},"end":{"line":48,"column":83}}]}}}}