TN:
SF:/src/app/config/config.js
FNF:0
FNH:0
DA:8,1
DA:33,1
LF:2
LH:2
BRDA:19,1,0,1
BRDA:19,1,1,1
BRDA:20,2,0,1
BRDA:20,2,1,1
BRDA:21,3,0,1
BRDA:21,3,1,0
BRF:6
BRH:5
end_of_record
TN:
SF:/src/server.js
FN:44,(anonymous_1)
FN:57,(anonymous_2)
FN:67,(anonymous_3)
FNF:3
FNH:3
FNDA:9,(anonymous_1)
FNDA:0,(anonymous_2)
FNDA:1,(anonymous_3)
DA:3,1
DA:4,1
DA:5,1
DA:6,1
DA:7,1
DA:8,1
DA:9,1
DA:11,1
DA:13,1
DA:14,1
DA:16,1
DA:19,1
DA:28,1
DA:29,1
DA:32,1
DA:33,1
DA:34,1
DA:36,1
DA:39,1
DA:40,1
DA:41,1
DA:44,1
DA:45,9
DA:46,9
DA:50,1
DA:52,1
DA:53,1
DA:57,1
DA:58,1
DA:59,1
DA:60,1
DA:61,1
DA:64,1
DA:65,1
DA:67,1
DA:68,1
DA:69,1
DA:71,1
DA:72,1
DA:76,1
LF:40
LH:40
BRDA:28,1,0,1
BRDA:28,1,1,0
BRDA:71,2,0,1
BRDA:71,2,1,0
BRF:4
BRH:2
end_of_record
TN:
SF:/src/app/utils.js
FN:9,(anonymous_1)
FNF:1
FNH:1
FNDA:11,(anonymous_1)
DA:3,1
DA:9,1
DA:10,11
DA:11,10
DA:14,10
DA:15,10
DA:18,10
DA:19,10
DA:23,10
DA:24,10
DA:25,1
DA:29,1
DA:32,11
LF:13
LH:13
BRDA:10,1,0,10
BRDA:10,1,1,1
BRDA:10,2,0,11
BRDA:10,2,1,11
BRDA:11,3,0,0
BRDA:11,3,1,10
BRDA:18,4,0,10
BRDA:18,4,1,0
BRDA:18,5,0,10
BRDA:18,5,1,0
BRDA:24,6,0,1
BRDA:24,6,1,9
BRDA:24,7,0,10
BRDA:24,7,1,10
BRF:14
BRH:11
end_of_record
TN:
SF:/src/app/routes/handlers.js
FN:6,setup
FN:8,(anonymous_2)
FN:13,(anonymous_3)
FN:18,(anonymous_4)
FN:24,(anonymous_5)
FN:29,(anonymous_6)
FNF:6
FNH:5
FNDA:1,setup
FNDA:1,(anonymous_2)
FNDA:0,(anonymous_3)
FNDA:1,(anonymous_4)
FNDA:0,(anonymous_5)
FNDA:1,(anonymous_6)
DA:3,1
DA:4,1
DA:6,1
DA:8,1
DA:9,1
DA:10,1
DA:13,1
DA:14,0
DA:15,0
DA:18,1
DA:19,1
DA:20,1
DA:24,1
DA:25,1
DA:26,1
DA:29,1
DA:30,1
DA:31,1
LF:18
LH:16
BRF:0
BRH:0
end_of_record
TN:
SF:/src/app/errors.js
FNF:0
FNH:0
DA:3,1
DA:4,1
DA:6,1
LF:3
LH:3
BRF:0
BRH:0
end_of_record
TN:
SF:/src/app/constants.js
FNF:0
FNH:0
DA:3,1
DA:27,1
LF:2
LH:2
BRF:0
BRH:0
end_of_record
TN:
SF:/src/app/routes/routes.js
FN:3,(anonymous_1)
FNF:1
FNH:1
FNDA:1,(anonymous_1)
DA:3,1
DA:5,1
DA:6,1
DA:8,1
DA:9,1
DA:10,1
DA:14,1
DA:19,1
DA:21,1
DA:26,1
DA:29,1
DA:33,1
DA:39,2
DA:43,1
DA:49,2
DA:53,1
DA:59,2
DA:64,1
DA:66,1
DA:72,0
DA:73,0
DA:74,0
LF:22
LH:19
BRDA:64,1,0,1
BRDA:64,1,1,0
BRF:2
BRH:1
end_of_record
TN:
SF:/src/app/lib/jsend_formatter.js
FN:12,formatJSend
FN:15,(anonymous_2)
FNF:2
FNH:2
FNDA:13,formatJSend
FNDA:1,(anonymous_2)
DA:12,1
DA:13,13
DA:15,13
DA:16,1
DA:19,13
DA:22,8
DA:23,8
DA:26,8
DA:27,8
DA:32,5
DA:38,13
DA:39,13
DA:41,13
DA:44,1
LF:14
LH:14
BRDA:15,1,0,13
BRDA:15,1,1,1
BRDA:19,2,0,8
BRDA:19,2,1,5
BRDA:23,3,0,5
BRDA:23,3,1,3
BRDA:23,4,0,8
BRDA:23,4,1,5
BRDA:26,5,0,8
BRDA:26,5,1,0
BRF:10
BRH:9
end_of_record
TN:
SF:/src/app/config/di.js
FNF:0
FNH:0
DA:3,1
DA:5,1
DA:6,1
DA:8,1
DA:9,1
DA:11,1
DA:12,1
DA:13,1
DA:15,1
DA:16,1
DA:21,1
DA:22,1
DA:23,1
DA:26,1
DA:27,1
DA:28,1
DA:29,1
DA:32,1
DA:33,1
DA:34,1
DA:35,1
DA:38,1
DA:40,1
DA:41,1
DA:42,1
DA:44,1
DA:49,1
DA:51,1
DA:52,1
DA:53,1
DA:54,1
DA:55,1
DA:57,1
DA:60,1
DA:62,1
DA:63,1
DA:64,1
DA:66,1
DA:71,1
DA:73,1
DA:74,1
DA:75,1
DA:77,1
DA:80,1
DA:82,1
DA:83,1
DA:84,1
DA:86,1
DA:89,1
DA:91,1
DA:92,1
DA:94,1
DA:97,1
LF:53
LH:53
BRF:0
BRH:0
end_of_record
TN:
SF:/src/app/lib/service_locator.js
FN:9,ServiceLocator
FN:22,(anonymous_2)
FN:41,(anonymous_3)
FN:68,(anonymous_4)
FN:82,(anonymous_5)
FNF:5
FNH:5
FNDA:1,ServiceLocator
FNDA:15,(anonymous_2)
FNDA:35,(anonymous_3)
FNDA:3,(anonymous_4)
FNDA:7,(anonymous_5)
DA:9,1
DA:10,1
DA:11,1
DA:22,1
DA:23,15
DA:24,1
DA:27,14
DA:28,0
DA:31,14
DA:41,1
DA:42,35
DA:43,0
DA:46,35
DA:47,0
DA:50,35
DA:51,14
DA:52,14
DA:53,14
DA:54,14
DA:58,35
DA:68,1
DA:69,3
DA:70,3
DA:71,3
DA:74,3
DA:82,1
DA:83,7
DA:84,7
DA:87,1
LF:29
LH:26
BRDA:23,1,0,1
BRDA:23,1,1,14
BRDA:27,2,0,0
BRDA:27,2,1,14
BRDA:42,3,0,0
BRDA:42,3,1,35
BRDA:46,4,0,0
BRDA:46,4,1,35
BRDA:50,5,0,14
BRDA:50,5,1,21
BRDA:53,6,0,14
BRDA:53,6,1,0
BRF:12
BRH:8
end_of_record
TN:
SF:/src/app/lib/data_store.js
FN:16,(anonymous_1)
FN:28,(anonymous_2)
FN:43,(anonymous_3)
FN:66,(anonymous_4)
FN:75,(anonymous_5)
FN:82,(anonymous_6)
FN:90,(anonymous_7)
FN:108,(anonymous_8)
FNF:8
FNH:6
FNDA:5,(anonymous_1)
FNDA:12,(anonymous_2)
FNDA:1,(anonymous_3)
FNDA:8,(anonymous_4)
FNDA:0,(anonymous_5)
FNDA:9,(anonymous_6)
FNDA:0,(anonymous_7)
FNDA:12,(anonymous_8)
DA:2,1
DA:8,1
DA:17,5
DA:18,5
DA:19,5
DA:30,12
DA:31,0
DA:34,12
DA:45,1
DA:47,1
DA:49,0
DA:50,1
DA:53,1
DA:54,1
DA:57,1
DA:67,8
DA:76,0
DA:83,9
DA:92,0
DA:93,0
DA:95,0
DA:97,0
DA:98,0
DA:102,0
DA:109,12
DA:114,1
DA:115,1
LF:27
LH:18
BRDA:30,1,0,0
BRDA:30,1,1,12
BRDA:47,2,0,0
BRDA:47,2,1,1
BRDA:50,3,0,1
BRDA:50,3,1,0
BRDA:97,4,0,0
BRDA:97,4,1,0
BRDA:109,5,0,12
BRDA:109,5,1,12
BRF:10
BRH:5
end_of_record
TN:
SF:/src/app/lib/jwt.js
FN:8,(anonymous_1)
FN:25,(anonymous_2)
FN:65,(anonymous_3)
FNF:3
FNH:3
FNDA:2,(anonymous_1)
FNDA:3,(anonymous_2)
FNDA:12,(anonymous_3)
DA:3,1
DA:4,1
DA:10,2
DA:11,2
DA:12,2
DA:13,2
DA:27,3
DA:29,3
DA:30,3
DA:32,3
DA:33,1
DA:36,3
DA:38,3
DA:43,3
DA:45,3
DA:46,1
DA:49,2
DA:50,2
DA:52,0
DA:67,12
DA:69,12
DA:73,12
DA:74,1
DA:77,11
DA:79,11
DA:81,9
DA:82,1
DA:85,8
DA:88,2
DA:94,1
LF:30
LH:29
BRDA:32,1,0,1
BRDA:32,1,1,2
BRDA:45,2,0,1
BRDA:45,2,1,2
BRDA:73,3,0,1
BRDA:73,3,1,11
BRDA:81,4,0,1
BRDA:81,4,1,8
BRF:8
BRH:8
end_of_record
TN:
SF:/src/app/services/authentication.js
FN:17,(anonymous_1)
FN:34,(anonymous_2)
FN:74,(anonymous_3)
FN:105,(anonymous_4)
FN:120,(anonymous_5)
FN:130,(anonymous_6)
FN:136,(anonymous_7)
FN:144,(anonymous_8)
FN:163,(anonymous_9)
FN:178,(anonymous_10)
FNF:10
FNH:10
FNDA:2,(anonymous_1)
FNDA:3,(anonymous_2)
FNDA:12,(anonymous_3)
FNDA:2,(anonymous_4)
FNDA:2,(anonymous_5)
FNDA:10,(anonymous_6)
FNDA:2,(anonymous_7)
FNDA:3,(anonymous_8)
FNDA:2,(anonymous_9)
FNDA:2,(anonymous_10)
DA:3,1
DA:18,2
DA:19,2
DA:20,2
DA:21,2
DA:22,2
DA:36,3
DA:38,3
DA:41,3
DA:44,3
DA:47,2
DA:49,2
DA:53,2
DA:57,2
DA:58,2
DA:63,1
DA:64,1
DA:76,12
DA:78,12
DA:82,10
DA:83,10
DA:88,10
DA:89,1
DA:92,9
DA:93,1
DA:97,8
DA:101,4
DA:107,2
DA:109,2
DA:112,2
DA:113,2
DA:116,2
DA:121,2
DA:122,2
DA:131,10
DA:132,10
DA:137,2
DA:138,2
DA:145,3
DA:146,3
DA:148,3
DA:154,3
DA:164,2
DA:165,2
DA:166,2
DA:167,2
DA:184,1
LF:47
LH:47
BRDA:88,1,0,1
BRDA:88,1,1,9
BRDA:92,2,0,1
BRDA:92,2,1,8
BRDA:146,3,0,3
BRDA:146,3,1,1
BRF:6
BRH:6
end_of_record
TN:
SF:/src/app/services/image.js
FN:20,(anonymous_1)
FN:33,(anonymous_2)
FN:39,(anonymous_3)
FN:53,(anonymous_4)
FN:63,(anonymous_5)
FN:76,(anonymous_6)
FNF:6
FNH:6
FNDA:2,(anonymous_1)
FNDA:4,(anonymous_2)
FNDA:2,(anonymous_3)
FNDA:2,(anonymous_4)
FNDA:2,(anonymous_5)
FNDA:2,(anonymous_6)
DA:3,1
DA:4,1
DA:5,1
DA:7,1
DA:21,2
DA:22,2
DA:23,2
DA:35,4
DA:37,4
DA:41,2
DA:42,0
DA:45,2
DA:50,2
DA:52,2
DA:53,2
DA:55,2
DA:56,0
DA:59,2
DA:60,2
DA:62,2
DA:63,2
DA:65,2
DA:66,0
DA:69,2
DA:70,2
DA:78,2
DA:85,1
LF:27
LH:24
BRDA:41,1,0,0
BRDA:41,1,1,2
BRDA:55,2,0,0
BRDA:55,2,1,2
BRDA:65,3,0,0
BRDA:65,3,1,2
BRF:6
BRH:3
end_of_record
TN:
SF:/src/app/controllers/auth_controller.js
FN:13,(anonymous_1)
FN:27,(anonymous_2)
FN:67,(anonymous_3)
FN:99,(anonymous_4)
FNF:4
FNH:4
FNDA:1,(anonymous_1)
FNDA:1,(anonymous_2)
FNDA:1,(anonymous_3)
FNDA:1,(anonymous_4)
DA:3,1
DA:4,1
DA:15,1
DA:16,1
DA:17,1
DA:29,1
DA:30,1
DA:32,1
DA:33,0
DA:34,0
DA:37,1
DA:39,1
DA:41,1
DA:44,1
DA:45,1
DA:52,0
DA:53,0
DA:57,1
DA:69,1
DA:71,1
DA:73,1
DA:76,1
DA:77,1
DA:84,0
DA:85,0
DA:89,1
DA:100,1
DA:102,1
DA:103,1
DA:104,1
DA:107,1
DA:108,1
DA:109,1
DA:112,1
DA:116,1
LF:35
LH:29
BRDA:32,1,0,0
BRDA:32,1,1,1
BRDA:103,2,0,1
BRDA:103,2,1,0
BRDA:107,3,0,1
BRDA:107,3,1,1
BRDA:108,4,0,1
BRDA:108,4,1,0
BRF:8
BRH:5
end_of_record
TN:
SF:/src/app/controllers/image_controller.js
FN:14,(anonymous_1)
FN:28,(anonymous_2)
FNF:2
FNH:2
FNDA:1,(anonymous_1)
FNDA:2,(anonymous_2)
DA:3,1
DA:4,1
DA:5,1
DA:16,1
DA:17,1
DA:18,1
DA:30,2
DA:32,2
DA:34,0
DA:35,0
DA:38,2
DA:40,2
DA:43,1
DA:45,1
DA:46,1
DA:50,1
DA:52,1
DA:53,1
DA:58,1
LF:19
LH:17
BRDA:32,1,0,0
BRDA:32,1,1,2
BRF:2
BRH:1
end_of_record
TN:
SF:/src/app/controllers/json_pach_controller.js
FN:14,(anonymous_1)
FN:27,(anonymous_2)
FN:66,(anonymous_3)
FNF:3
FNH:3
FNDA:1,(anonymous_1)
FNDA:2,(anonymous_2)
FNDA:1,(anonymous_3)
DA:3,1
DA:5,1
DA:6,1
DA:16,1
DA:17,1
DA:29,2
DA:30,2
DA:33,2
DA:34,2
DA:35,2
DA:38,1
DA:39,1
DA:43,1
DA:44,1
DA:49,1
DA:50,0
DA:51,0
DA:54,1
DA:56,1
DA:58,1
DA:60,1
DA:61,1
DA:63,1
DA:68,1
DA:69,0
DA:72,1
DA:73,0
DA:76,1
DA:77,1
DA:78,1
DA:79,0
DA:83,1
DA:88,1
LF:33
LH:28
BRDA:34,1,0,2
BRDA:34,1,1,0
BRDA:38,2,0,1
BRDA:38,2,1,0
BRDA:49,3,0,0
BRDA:49,3,1,1
BRDA:68,4,0,0
BRDA:68,4,1,1
BRDA:68,5,0,1
BRDA:68,5,1,1
BRDA:72,6,0,0
BRDA:72,6,1,1
BRDA:72,7,0,1
BRDA:72,7,1,1
BRDA:78,8,0,0
BRDA:78,8,1,1
BRDA:78,9,0,1
BRDA:78,9,1,1
BRDA:78,9,2,1
BRF:19
BRH:13
end_of_record
TN:
SF:/src/app/lib/logging.js
FN:11,(anonymous_1)
FN:31,(anonymous_2)
FN:39,(anonymous_3)
FN:47,(anonymous_4)
FN:90,(anonymous_5)
FNF:5
FNH:5
FNDA:16,(anonymous_1)
FNDA:32,(anonymous_2)
FNDA:1,(anonymous_3)
FNDA:1,(anonymous_4)
FNDA:1,(anonymous_5)
DA:3,1
DA:4,1
DA:11,1
DA:12,16
DA:14,16
DA:15,16
DA:16,16
DA:19,16
DA:20,16
DA:21,0
DA:24,16
DA:31,1
DA:32,32
DA:39,1
DA:41,1
DA:44,1
DA:47,1
DA:48,1
DA:49,0
DA:52,1
DA:53,1
DA:57,1
DA:70,1
DA:71,1
DA:80,1
DA:83,1
DA:91,1
LF:27
LH:25
BRDA:15,1,0,16
BRDA:15,1,1,0
BRDA:20,2,0,0
BRDA:20,2,1,16
BRDA:20,3,0,16
BRDA:20,3,1,16
BRDA:44,4,0,1
BRDA:44,4,1,0
BRDA:48,5,0,0
BRDA:48,5,1,1
BRDA:70,6,0,1
BRDA:70,6,1,0
BRF:12
BRH:7
end_of_record
TN:
SF:/src/app/lib/metrics.js
FN:26,(anonymous_1)
FNF:1
FNH:1
FNDA:1,(anonymous_1)
DA:10,1
DA:12,1
DA:13,1
DA:15,1
DA:16,1
DA:18,1
DA:26,1
DA:27,1
DA:28,1
DA:30,1
DA:31,0
DA:34,1
DA:35,1
DA:37,1
DA:39,1
DA:47,1
LF:16
LH:15
BRDA:30,1,0,0
BRDA:30,1,1,1
BRDA:34,2,0,1
BRDA:34,2,1,0
BRDA:35,3,0,1
BRDA:35,3,1,0
BRF:6
BRH:3
end_of_record
TN:
SF:/src/app/lib/routestats.js
FN:14,RouteStats
FN:44,(anonymous_2)
FN:58,(anonymous_3)
FN:65,(anonymous_4)
FNF:4
FNH:4
FNDA:9,RouteStats
FNDA:2,(anonymous_2)
FNDA:9,(anonymous_3)
FNDA:9,(anonymous_4)
DA:14,1
DA:15,9
DA:16,1
DA:20,8
DA:28,8
DA:29,2
DA:30,8
DA:31,4
DA:36,8
DA:39,8
DA:40,5
DA:44,3
DA:48,8
DA:58,1
DA:60,9
DA:63,9
DA:65,9
DA:66,9
DA:67,9
DA:70,9
DA:71,9
DA:80,9
DA:86,9
DA:93,9
DA:98,9
DA:103,1
LF:26
LH:26
BRDA:15,1,0,1
BRDA:15,1,1,8
BRDA:15,2,0,9
BRDA:15,2,1,8
BRDA:28,3,0,2
BRDA:28,3,1,6
BRDA:30,4,0,4
BRDA:30,4,1,4
BRDA:39,5,0,5
BRDA:39,5,1,3
BRDA:39,6,0,8
BRDA:39,6,1,5
BRDA:44,7,0,1
BRDA:44,7,1,1
BRDA:44,8,0,2
BRDA:44,8,1,2
BRF:16
BRH:16
end_of_record
TN:
SF:/src/app/lib/validation.js
FN:23,(anonymous_1)
FN:25,paramValidationMiddleware
FN:92,(anonymous_3)
FN:94,headerValidationMiddleware
FNF:4
FNH:2
FNDA:3,(anonymous_1)
FNDA:14,paramValidationMiddleware
FNDA:0,(anonymous_3)
FNDA:0,headerValidationMiddleware
DA:3,1
DA:4,1
DA:5,1
DA:6,1
DA:8,1
DA:25,3
DA:27,14
DA:28,14
DA:30,14
DA:31,10
DA:34,4
DA:36,4
DA:37,0
DA:40,4
DA:41,2
DA:44,4
DA:45,4
DA:46,1
DA:47,1
DA:50,3
DA:51,1
DA:53,1
DA:57,1
DA:60,2
DA:62,2
DA:63,1
DA:65,1
DA:71,1
DA:74,1
DA:79,1
DA:94,0
DA:96,0
DA:98,0
DA:99,0
DA:102,0
DA:103,0
DA:105,0
DA:108,0
DA:110,0
LF:39
LH:29
BRDA:30,1,0,10
BRDA:30,1,1,4
BRDA:36,2,0,0
BRDA:36,2,1,4
BRDA:40,3,0,2
BRDA:40,3,1,2
BRDA:45,4,0,1
BRDA:45,4,1,3
BRDA:50,5,0,1
BRDA:50,5,1,2
BRDA:62,6,0,1
BRDA:62,6,1,1
BRDA:98,7,0,0
BRDA:98,7,1,0
BRDA:102,8,0,0
BRDA:102,8,1,0
BRF:16
BRH:11
end_of_record
TN:
SF:/src/app/middlewares/index.js
FNF:0
FNH:0
DA:3,1
DA:5,1
DA:7,1
LF:3
LH:3
BRF:0
BRH:0
end_of_record
TN:
SF:/src/app/middlewares/auth.js
FN:21,fromHeaderOrQuerystring
FNF:1
FNH:1
FNDA:7,fromHeaderOrQuerystring
DA:3,1
DA:4,1
DA:5,1
DA:7,1
DA:15,1
DA:17,7
DA:18,0
DA:21,1
DA:22,7
DA:23,5
DA:24,2
DA:25,1
DA:28,1
DA:31,7
DA:33,7
DA:34,1
DA:37,7
DA:39,6
DA:42,1
LF:19
LH:18
BRDA:17,1,0,0
BRDA:17,1,1,7
BRDA:22,2,0,5
BRDA:22,2,1,2
BRDA:22,3,0,7
BRDA:22,3,1,5
BRDA:24,4,0,1
BRDA:24,4,1,1
BRDA:24,5,0,2
BRDA:24,5,1,2
BRDA:33,6,0,1
BRDA:33,6,1,6
BRF:12
BRH:11
end_of_record
TN:
SF:/src/app/lib/route_table.js
FN:7,(anonymous_1)
FNF:1
FNH:1
FNDA:1,(anonymous_1)
DA:7,1
DA:8,1
DA:10,1
DA:19,1
DA:20,1
DA:21,1
DA:22,1
DA:23,1
DA:24,1
DA:26,1
DA:27,1
DA:29,1
DA:31,1
DA:32,6
DA:33,6
DA:36,6
DA:37,6
DA:39,6
DA:43,6
DA:44,6
DA:47,6
DA:48,6
DA:49,6
DA:51,6
DA:56,1
DA:58,1
LF:26
LH:26
BRDA:32,1,0,6
BRDA:32,1,1,0
BRDA:43,2,0,6
BRDA:43,2,1,0
BRDA:48,3,0,6
BRDA:48,3,1,0
BRF:6
BRH:3
end_of_record
